4266c5fc99f702dad4de72c675b13e71d1ccfafe: Pulling from gr0v1ty/nano-node
3c645031de29: Already exists
214b53a7407c: Pulling fs layer
b2fe279ce787: Pulling fs layer
4886497d6b5f: Pulling fs layer
e669d6754a67: Pulling fs layer
b9c837287d2b: Pulling fs layer
df233b771142: Pulling fs layer
1a1310d091de: Pulling fs layer
4f4fb700ef54: Pulling fs layer
3cebd0737b86: Pulling fs layer
16d9ec9fafbd: Pulling fs layer
1a1310d091de: Waiting
4f4fb700ef54: Waiting
16d9ec9fafbd: Waiting
e669d6754a67: Waiting
b9c837287d2b: Waiting
df233b771142: Waiting
3cebd0737b86: Waiting
214b53a7407c: Verifying Checksum
214b53a7407c: Download complete
214b53a7407c: Pull complete
e669d6754a67: Verifying Checksum
e669d6754a67: Download complete
4886497d6b5f: Verifying Checksum
4886497d6b5f: Download complete
b9c837287d2b: Verifying Checksum
b9c837287d2b: Download complete
df233b771142: Verifying Checksum
df233b771142: Download complete
4f4fb700ef54: Download complete
1a1310d091de: Verifying Checksum
1a1310d091de: Download complete
16d9ec9fafbd: Verifying Checksum
16d9ec9fafbd: Download complete
3cebd0737b86: Verifying Checksum
3cebd0737b86: Download complete
b2fe279ce787: Verifying Checksum
b2fe279ce787: Download complete
b2fe279ce787: Pull complete
4886497d6b5f: Pull complete
e669d6754a67: Pull complete
b9c837287d2b: Pull complete
df233b771142: Pull complete
1a1310d091de: Pull complete
4f4fb700ef54: Pull complete
3cebd0737b86: Pull complete
16d9ec9fafbd: Pull complete
Digest: sha256:3d93c47db86a30569f9d6ea76172d2c3015b8308640ae102f7a393ada97f2078
Status: Downloaded newer image for gr0v1ty/nano-node:4266c5fc99f702dad4de72c675b13e71d1ccfafe
docker.io/gr0v1ty/nano-node:4266c5fc99f702dad4de72c675b13e71d1ccfafe
https://api.github.com/repos/gr0vity-dev/nanolab-configs/contents/quick_testing/5n4pr_conf_send_independant.json
Start Fetching '5n4pr_conf_send_independant_config.json' to '/home/runner/work/nano-node-builder/nano-node-builder/testcases/5n4pr_conf_send_independant_config.json'
Done  Fetching '5n4pr_conf_send_independant_config.json' to '/home/runner/work/nano-node-builder/nano-node-builder/testcases/5n4pr_conf_send_independant_config.json'
Start Fetching '5n4pr_bucket0-1-88-90-100_10kaccs.ldb' to '/home/runner/work/nano-node-builder/nano-node-builder/testcases/downloads/5n4pr_bucket0-1-88-90-100_10kaccs.ldb'
Done  Fetching '5n4pr_bucket0-1-88-90-100_10kaccs.ldb' to '/home/runner/work/nano-node-builder/nano-node-builder/testcases/downloads/5n4pr_bucket0-1-88-90-100_10kaccs.ldb'
Start Fetching '5n4pr_quicktesting_config.toml' to '/home/runner/work/nano-node-builder/nano-node-builder/testcases/downloads/5n4pr_quicktesting_config.toml'
Done  Fetching '5n4pr_quicktesting_config.toml' to '/home/runner/work/nano-node-builder/nano-node-builder/testcases/downloads/5n4pr_quicktesting_config.toml'
Error executing command: nanomock create && nanomock reset
Error: INFO: nanomock data has been copied to your current working directory.
WARNING: No config-node.toml found. minimal version was created
WARNING: No config-rpc.toml found. minimal version was created
WARNING: No config-node.toml found. minimal version was created
WARNING: No config-rpc.toml found. minimal version was created
WARNING: No config-node.toml found. minimal version was created
WARNING: No config-rpc.toml found. minimal version was created
WARNING: No config-node.toml found. minimal version was created
WARNING: No config-rpc.toml found. minimal version was created
WARNING: No config-node.toml found. minimal version was created
WARNING: No config-rpc.toml found. minimal version was created
SUCCESS: Docker Compose file created at /home/runner/work/nano-node-builder/nano-node-builder/nano_nodes/docker-compose.yml
SUCCESS: nl_genesis_exporter added for node nl_genesis
nl_pr1_exporter added for node nl_pr1
nl_pr2_exporter added for node nl_pr2
nl_pr3_exporter added for node nl_pr3
nl_pr4_exporter added for node nl_pr4
SUCCESS: stop_containers completed with None result.
SUCCESS: reset_nodes_data completed with None result.
The network 'nl_nano-local' already exists.
Error executing command: nanomock create
Error: INFO: nanomock data has been copied to your current working directory.
WARNING: No config-node.toml found. minimal version was created
WARNING: No config-rpc.toml found. minimal version was created
WARNING: No config-node.toml found. minimal version was created
WARNING: No config-rpc.toml found. minimal version was created
WARNING: No config-node.toml found. minimal version was created
WARNING: No config-rpc.toml found. minimal version was created
WARNING: No config-node.toml found. minimal version was created
WARNING: No config-rpc.toml found. minimal version was created
WARNING: No config-node.toml found. minimal version was created
WARNING: No config-rpc.toml found. minimal version was created
SUCCESS: Docker Compose file created at /home/runner/work/nano-node-builder/nano-node-builder/nano_nodes/docker-compose.yml
SUCCESS: nl_genesis_exporter added for node nl_genesis
nl_pr1_exporter added for node nl_pr1
nl_pr2_exporter added for node nl_pr2
nl_pr3_exporter added for node nl_pr3
nl_pr4_exporter added for node nl_pr4
Error executing command: nanomock start && nanomock init_wallets
Error: ERROR: Command failed: docker-compose -f /home/runner/work/nano-node-builder/nano-node-builder/nano_nodes/docker-compose.yml -p nanomock up -d
ERROR: Error output: Creating volume "nanomock_nl_default_volume" with default driver
Building nl_genesis
#0 building with "default" instance using docker driver

#1 [internal] load build definition from custom_Dockerfile
#1 transferring dockerfile: 551B done
#1 DONE 0.0s

#2 [internal] load metadata for docker.io/gr0v1ty/nano-node:4266c5fc99f702dad4de72c675b13e71d1ccfafe
#2 DONE 0.0s

#3 [internal] load .dockerignore
#3 transferring context: 2B done
#3 DONE 0.0s

#4 [1/4] FROM docker.io/gr0v1ty/nano-node:4266c5fc99f702dad4de72c675b13e71d1ccfafe
#4 DONE 0.0s

#5 [2/4] RUN groupadd -g 1001 nanolocal
#5 DONE 0.6s

#6 [3/4] RUN if [ "1001" != "0" ] && [ "1001" != "1000" ];     then useradd -u 1001 -g nanolocal -s /bin/sh -m nanolocal ;     fi
#6 DONE 0.3s

#7 [4/4] RUN if [[ -z "FALSE" ]] ;     then echo TC_ENABLE not provided ;     else apt-get update && apt-get install iproute2 -y;     fi
#7 0.244 /bin/sh: 1: [[: not found
#7 1.227 Get:1 http://security.ubuntu.com/ubuntu jammy-security InRelease [110 kB]
#7 1.303 Get:2 http://archive.ubuntu.com/ubuntu jammy InRelease [270 kB]
#7 1.804 Get:3 http://security.ubuntu.com/ubuntu jammy-security/multiverse amd64 Packages [44.7 kB]
#7 1.938 Get:4 http://security.ubuntu.com/ubuntu jammy-security/restricted amd64 Packages [2265 kB]
#7 2.044 Get:5 http://archive.ubuntu.com/ubuntu jammy-updates InRelease [119 kB]
#7 2.218 Get:6 http://archive.ubuntu.com/ubuntu jammy-backports InRelease [109 kB]
#7 2.257 Get:7 http://security.ubuntu.com/ubuntu jammy-security/universe amd64 Packages [1077 kB]
#7 2.297 Get:8 http://security.ubuntu.com/ubuntu jammy-security/main amd64 Packages [1756 kB]
#7 2.391 Get:9 http://archive.ubuntu.com/ubuntu jammy/main amd64 Packages [1792 kB]
#7 2.799 Get:10 http://archive.ubuntu.com/ubuntu jammy/universe amd64 Packages [17.5 MB]
#7 3.653 Get:11 http://archive.ubuntu.com/ubuntu jammy/restricted amd64 Packages [164 kB]
#7 3.654 Get:12 http://archive.ubuntu.com/ubuntu jammy/multiverse amd64 Packages [266 kB]
#7 3.657 Get:13 http://archive.ubuntu.com/ubuntu jammy-updates/universe amd64 Packages [1371 kB]
#7 3.723 Get:14 http://archive.ubuntu.com/ubuntu jammy-updates/restricted amd64 Packages [2339 kB]
#7 3.849 Get:15 http://archive.ubuntu.com/ubuntu jammy-updates/multiverse amd64 Packages [51.1 kB]
#7 3.850 Get:16 http://archive.ubuntu.com/ubuntu jammy-updates/main amd64 Packages [2037 kB]
#7 4.065 Get:17 http://archive.ubuntu.com/ubuntu jammy-backports/universe amd64 Packages [31.9 kB]
#7 4.229 Get:18 http://archive.ubuntu.com/ubuntu jammy-backports/main amd64 Packages [81.0 kB]
#7 4.385 Fetched 31.4 MB in 3s (9360 kB/s)
#7 4.385 Reading package lists...
#7 5.005 Reading package lists...
#7 5.606 Building dependency tree...
#7 5.715 Reading state information...
#7 5.814 The following additional packages will be installed:
#7 5.815   libatm1 libbpf0 libbsd0 libcap2-bin libelf1 libmd0 libmnl0 libpam-cap
#7 5.815   libxtables12
#7 5.815 Suggested packages:
#7 5.815   iproute2-doc
#7 5.838 The following NEW packages will be installed:
#7 5.838   iproute2 libatm1 libbpf0 libbsd0 libcap2-bin libelf1 libmd0 libmnl0
#7 5.838   libpam-cap libxtables12
#7 6.115 0 upgraded, 10 newly installed, 0 to remove and 3 not upgraded.
#7 6.115 Need to get 1430 kB of archives.
#7 6.115 After this operation, 4151 kB of additional disk space will be used.
#7 6.115 Get:1 http://archive.ubuntu.com/ubuntu jammy/main amd64 libelf1 amd64 0.186-1build1 [51.0 kB]
#7 6.523 Get:2 http://archive.ubuntu.com/ubuntu jammy-updates/main amd64 libbpf0 amd64 1:0.5.0-1ubuntu22.04.1 [140 kB]
#7 6.759 Get:3 http://archive.ubuntu.com/ubuntu jammy/main amd64 libmd0 amd64 1.0.4-1build1 [23.0 kB]
#7 6.788 Get:4 http://archive.ubuntu.com/ubuntu jammy/main amd64 libbsd0 amd64 0.11.5-1 [44.8 kB]
#7 6.821 Get:5 http://archive.ubuntu.com/ubuntu jammy/main amd64 libmnl0 amd64 1.0.4-3build2 [13.2 kB]
#7 6.830 Get:6 http://archive.ubuntu.com/ubuntu jammy-updates/main amd64 libxtables12 amd64 1.8.7-1ubuntu5.2 [31.3 kB]
#7 6.850 Get:7 http://archive.ubuntu.com/ubuntu jammy-updates/main amd64 libcap2-bin amd64 1:2.44-1ubuntu0.22.04.1 [26.0 kB]
#7 6.870 Get:8 http://archive.ubuntu.com/ubuntu jammy/main amd64 iproute2 amd64 5.15.0-1ubuntu2 [1070 kB]
#7 7.162 Get:9 http://archive.ubuntu.com/ubuntu jammy/main amd64 libatm1 amd64 1:2.5.1-4build2 [22.8 kB]
#7 7.164 Get:10 http://archive.ubuntu.com/ubuntu jammy-updates/main amd64 libpam-cap amd64 1:2.44-1ubuntu0.22.04.1 [7928 B]
#7 7.901 debconf: delaying package configuration, since apt-utils is not installed
#7 7.923 Fetched 1430 kB in 1s (1081 kB/s)
#7 8.097 Selecting previously unselected package libelf1:amd64.
#7 8.097 (Reading database ... 
(Reading database ... 5%
(Reading database ... 10%
(Reading database ... 15%
(Reading database ... 20%
(Reading database ... 25%
(Reading database ... 30%
(Reading database ... 35%
(Reading database ... 40%
(Reading database ... 45%
(Reading database ... 50%
(Reading database ... 55%
(Reading database ... 60%
(Reading database ... 65%
(Reading database ... 70%
(Reading database ... 75%
(Reading database ... 80%
(Reading database ... 85%
(Reading database ... 90%
(Reading database ... 95%
(Reading database ... 100%
(Reading database ... 4393 files and directories currently installed.)
#7 8.351 Preparing to unpack .../0-libelf1_0.186-1build1_amd64.deb ...
#7 8.353 Unpacking libelf1:amd64 (0.186-1build1) ...
#7 8.367 Selecting previously unselected package libbpf0:amd64.
#7 8.368 Preparing to unpack .../1-libbpf0_1%3a0.5.0-1ubuntu22.04.1_amd64.deb ...
#7 8.368 Unpacking libbpf0:amd64 (1:0.5.0-1ubuntu22.04.1) ...
#7 8.382 Selecting previously unselected package libmd0:amd64.
#7 8.383 Preparing to unpack .../2-libmd0_1.0.4-1build1_amd64.deb ...
#7 8.383 Unpacking libmd0:amd64 (1.0.4-1build1) ...
#7 8.396 Selecting previously unselected package libbsd0:amd64.
#7 8.397 Preparing to unpack .../3-libbsd0_0.11.5-1_amd64.deb ...
#7 8.398 Unpacking libbsd0:amd64 (0.11.5-1) ...
#7 8.411 Selecting previously unselected package libmnl0:amd64.
#7 8.411 Preparing to unpack .../4-libmnl0_1.0.4-3build2_amd64.deb ...
#7 8.412 Unpacking libmnl0:amd64 (1.0.4-3build2) ...
#7 8.424 Selecting previously unselected package libxtables12:amd64.
#7 8.425 Preparing to unpack .../5-libxtables12_1.8.7-1ubuntu5.2_amd64.deb ...
#7 8.425 Unpacking libxtables12:amd64 (1.8.7-1ubuntu5.2) ...
#7 8.437 Selecting previously unselected package libcap2-bin.
#7 8.438 Preparing to unpack .../6-libcap2-bin_1%3a2.44-1ubuntu0.22.04.1_amd64.deb ...
#7 8.439 Unpacking libcap2-bin (1:2.44-1ubuntu0.22.04.1) ...
#7 8.455 Selecting previously unselected package iproute2.
#7 8.455 Preparing to unpack .../7-iproute2_5.15.0-1ubuntu2_amd64.deb ...
#7 8.456 Unpacking iproute2 (5.15.0-1ubuntu2) ...
#7 8.490 Selecting previously unselected package libatm1:amd64.
#7 8.490 Preparing to unpack .../8-libatm1_1%3a2.5.1-4build2_amd64.deb ...
#7 8.491 Unpacking libatm1:amd64 (1:2.5.1-4build2) ...
#7 8.504 Selecting previously unselected package libpam-cap:amd64.
#7 8.505 Preparing to unpack .../9-libpam-cap_1%3a2.44-1ubuntu0.22.04.1_amd64.deb ...
#7 8.506 Unpacking libpam-cap:amd64 (1:2.44-1ubuntu0.22.04.1) ...
#7 8.521 Setting up libatm1:amd64 (1:2.5.1-4build2) ...
#7 8.523 Setting up libcap2-bin (1:2.44-1ubuntu0.22.04.1) ...
#7 8.526 Setting up libmnl0:amd64 (1.0.4-3build2) ...
#7 8.528 Setting up libxtables12:amd64 (1.8.7-1ubuntu5.2) ...
#7 8.530 Setting up libmd0:amd64 (1.0.4-1build1) ...
#7 8.532 Setting up libbsd0:amd64 (0.11.5-1) ...
#7 8.534 Setting up libelf1:amd64 (0.186-1build1) ...
#7 8.537 Setting up libpam-cap:amd64 (1:2.44-1ubuntu0.22.04.1) ...
#7 8.733 debconf: unable to initialize frontend: Dialog
#7 8.733 debconf: (TERM is not set, so the dialog frontend is not usable.)
#7 8.733 debconf: falling back to frontend: Readline
#7 8.733 debconf: unable to initialize frontend: Readline
#7 8.733 debconf: (Can't locate Term/ReadLine.pm in @INC (you may need to install the Term::ReadLine module) (@INC contains: /etc/perl /usr/local/lib/x86_64-linux-gnu/perl/5.34.0 /usr/local/share/perl/5.34.0 /usr/lib/x86_64-linux-gnu/perl5/5.34 /usr/share/perl5 /usr/lib/x86_64-linux-gnu/perl-base /usr/lib/x86_64-linux-gnu/perl/5.34 /usr/share/perl/5.34 /usr/local/lib/site_perl) at /usr/share/perl5/Debconf/FrontEnd/Readline.pm line 7.)
#7 8.733 debconf: falling back to frontend: Teletype
#7 8.809 Setting up libbpf0:amd64 (1:0.5.0-1ubuntu22.04.1) ...
#7 8.811 Setting up iproute2 (5.15.0-1ubuntu2) ...
#7 8.872 debconf: unable to initialize frontend: Dialog
#7 8.872 debconf: (TERM is not set, so the dialog frontend is not usable.)
#7 8.872 debconf: falling back to frontend: Readline
#7 8.872 debconf: unable to initialize frontend: Readline
#7 8.872 debconf: (Can't locate Term/ReadLine.pm in @INC (you may need to install the Term::ReadLine module) (@INC contains: /etc/perl /usr/local/lib/x86_64-linux-gnu/perl/5.34.0 /usr/local/share/perl/5.34.0 /usr/lib/x86_64-linux-gnu/perl5/5.34 /usr/share/perl5 /usr/lib/x86_64-linux-gnu/perl-base /usr/lib/x86_64-linux-gnu/perl/5.34 /usr/share/perl/5.34 /usr/local/lib/site_perl) at /usr/share/perl5/Debconf/FrontEnd/Readline.pm line 7.)
#7 8.872 debconf: falling back to frontend: Teletype
#7 8.891 Processing triggers for libc-bin (2.35-0ubuntu3.6) ...
#7 DONE 9.1s

#8 exporting to image
#8 exporting layers
#8 exporting layers 0.8s done
#8 writing image sha256:fb3202c1bb525d108b6b1a81204ca8adef391ad0ea156128864e2475cb75df6b done
#8 naming to docker.io/library/nanomock_nl_genesis done
#8 DONE 0.8s
Image for service nl_genesis was built because it did not already exist. To rebuild this image you must use `docker-compose build` or `docker-compose up --build`.
Building nl_pr1
#0 building with "default" instance using docker driver

#1 [internal] load build definition from custom_Dockerfile
#1 transferring dockerfile: 551B done
#1 DONE 0.0s

#2 [internal] load metadata for docker.io/gr0v1ty/nano-node:4266c5fc99f702dad4de72c675b13e71d1ccfafe
#2 DONE 0.0s

#3 [internal] load .dockerignore
#3 transferring context: 2B done
#3 DONE 0.0s

#4 [1/4] FROM docker.io/gr0v1ty/nano-node:4266c5fc99f702dad4de72c675b13e71d1ccfafe
#4 DONE 0.0s

#5 [2/4] RUN groupadd -g 1001 nanolocal
#5 CACHED

#6 [3/4] RUN if [ "1001" != "0" ] && [ "1001" != "1000" ];     then useradd -u 1001 -g nanolocal -s /bin/sh -m nanolocal ;     fi
#6 CACHED

#7 [4/4] RUN if [[ -z "FALSE" ]] ;     then echo TC_ENABLE not provided ;     else apt-get update && apt-get install iproute2 -y;     fi
#7 CACHED

#8 exporting to image
#8 exporting layers done
#8 writing image sha256:fb3202c1bb525d108b6b1a81204ca8adef391ad0ea156128864e2475cb75df6b done
#8 naming to docker.io/library/nanomock_nl_pr1 done
#8 DONE 0.0s
Image for service nl_pr1 was built because it did not already exist. To rebuild this image you must use `docker-compose build` or `docker-compose up --build`.
Building nl_pr2
#0 building with "default" instance using docker driver

#1 [internal] load build definition from custom_Dockerfile
#1 transferring dockerfile: 551B done
#1 DONE 0.0s

#2 [internal] load metadata for docker.io/gr0v1ty/nano-node:4266c5fc99f702dad4de72c675b13e71d1ccfafe
#2 DONE 0.0s

#3 [internal] load .dockerignore
#3 transferring context: 2B done
#3 DONE 0.0s

#4 [1/4] FROM docker.io/gr0v1ty/nano-node:4266c5fc99f702dad4de72c675b13e71d1ccfafe
#4 DONE 0.0s

#5 [2/4] RUN groupadd -g 1001 nanolocal
#5 CACHED

#6 [3/4] RUN if [ "1001" != "0" ] && [ "1001" != "1000" ];     then useradd -u 1001 -g nanolocal -s /bin/sh -m nanolocal ;     fi
#6 CACHED

#7 [4/4] RUN if [[ -z "FALSE" ]] ;     then echo TC_ENABLE not provided ;     else apt-get update && apt-get install iproute2 -y;     fi
#7 CACHED

#8 exporting to image
#8 exporting layers done
#8 writing image sha256:fb3202c1bb525d108b6b1a81204ca8adef391ad0ea156128864e2475cb75df6b done
#8 naming to docker.io/library/nanomock_nl_pr2 done
#8 DONE 0.0s
Image for service nl_pr2 was built because it did not already exist. To rebuild this image you must use `docker-compose build` or `docker-compose up --build`.
Building nl_pr3
#0 building with "default" instance using docker driver

#1 [internal] load build definition from custom_Dockerfile
#1 transferring dockerfile: 551B done
#1 DONE 0.0s

#2 [internal] load metadata for docker.io/gr0v1ty/nano-node:4266c5fc99f702dad4de72c675b13e71d1ccfafe
#2 DONE 0.0s

#3 [internal] load .dockerignore
#3 transferring context: 2B done
#3 DONE 0.0s

#4 [1/4] FROM docker.io/gr0v1ty/nano-node:4266c5fc99f702dad4de72c675b13e71d1ccfafe
#4 DONE 0.0s

#5 [2/4] RUN groupadd -g 1001 nanolocal
#5 CACHED

#6 [3/4] RUN if [ "1001" != "0" ] && [ "1001" != "1000" ];     then useradd -u 1001 -g nanolocal -s /bin/sh -m nanolocal ;     fi
#6 CACHED

#7 [4/4] RUN if [[ -z "FALSE" ]] ;     then echo TC_ENABLE not provided ;     else apt-get update && apt-get install iproute2 -y;     fi
#7 CACHED

#8 exporting to image
#8 exporting layers done
#8 writing image sha256:fb3202c1bb525d108b6b1a81204ca8adef391ad0ea156128864e2475cb75df6b done
#8 naming to docker.io/library/nanomock_nl_pr3 done
#8 DONE 0.0s
Image for service nl_pr3 was built because it did not already exist. To rebuild this image you must use `docker-compose build` or `docker-compose up --build`.
Building nl_pr4
#0 building with "default" instance using docker driver

#1 [internal] load build definition from custom_Dockerfile
#1 transferring dockerfile: 551B done
#1 DONE 0.0s

#2 [internal] load metadata for docker.io/gr0v1ty/nano-node:4266c5fc99f702dad4de72c675b13e71d1ccfafe
#2 DONE 0.0s

#3 [internal] load .dockerignore
#3 transferring context: 2B done
#3 DONE 0.0s

#4 [1/4] FROM docker.io/gr0v1ty/nano-node:4266c5fc99f702dad4de72c675b13e71d1ccfafe
#4 DONE 0.0s

#5 [2/4] RUN groupadd -g 1001 nanolocal
#5 CACHED

#6 [3/4] RUN if [ "1001" != "0" ] && [ "1001" != "1000" ];     then useradd -u 1001 -g nanolocal -s /bin/sh -m nanolocal ;     fi
#6 CACHED

#7 [4/4] RUN if [[ -z "FALSE" ]] ;     then echo TC_ENABLE not provided ;     else apt-get update && apt-get install iproute2 -y;     fi
#7 CACHED

#8 exporting to image
#8 exporting layers done
#8 writing image sha256:fb3202c1bb525d108b6b1a81204ca8adef391ad0ea156128864e2475cb75df6b done
#8 naming to docker.io/library/nanomock_nl_pr4 done
#8 DONE 0.0s
Image for service nl_pr4 was built because it did not already exist. To rebuild this image you must use `docker-compose build` or `docker-compose up --build`.
Building nl_genesis_exporter
#0 building with "default" instance using docker driver

#1 [internal] load build definition from Dockerfile
#1 transferring dockerfile: 435B done
#1 DONE 0.0s

#2 [internal] load metadata for docker.io/library/python:3.7-alpine
#2 ...

#3 [auth] library/python:pull token for registry-1.docker.io
#3 DONE 0.0s

#2 [internal] load metadata for docker.io/library/python:3.7-alpine
#2 DONE 0.8s

#4 [internal] load .dockerignore
#4 transferring context: 2B done
#4 DONE 0.0s

#5 [1/8] FROM docker.io/library/python:3.7-alpine@sha256:f3d31c8677d03f0b3c724446077f229a6ce9d3ac430f5c08cd7dff00292048c3
#5 resolve docker.io/library/python:3.7-alpine@sha256:f3d31c8677d03f0b3c724446077f229a6ce9d3ac430f5c08cd7dff00292048c3 done
#5 sha256:f3d31c8677d03f0b3c724446077f229a6ce9d3ac430f5c08cd7dff00292048c3 1.65kB / 1.65kB done
#5 sha256:e6da3ee9bb64dd12b98fa609487f112fe1e365522e6e8345309db15c22a80a51 1.37kB / 1.37kB done
#5 sha256:1bac8ae77e4af0b868b62a75115616a20e025e0451eeed05d94a4cfc4523e58a 6.87kB / 6.87kB done
#5 sha256:96526aa774ef0126ad0fe9e9a95764c5fc37f409ab9e97021e7b4775d82bf6fa 0B / 3.40MB 0.1s
#5 sha256:9875af95546db78168a6761b7fa205ed1cd0c153cd89356c1512e551c12b2d5c 0B / 622.29kB 0.1s
#5 sha256:4819c95424fc4a94767c9329b02238ebcce0bc682384cb671379bc1fb8a12b55 0B / 10.94MB 0.1s
#5 sha256:9875af95546db78168a6761b7fa205ed1cd0c153cd89356c1512e551c12b2d5c 622.29kB / 622.29kB 0.3s done
#5 sha256:4819c95424fc4a94767c9329b02238ebcce0bc682384cb671379bc1fb8a12b55 5.24MB / 10.94MB 0.4s
#5 sha256:148762f75a1f92cc9857e9c488bf95d5aac61e9905ec47a7408025b2dd5c3b7a 240B / 240B 0.4s done
#5 sha256:ea1518237b3753b3fe40ee773d77651704178d9baa72ae5012e13a992cfa6c63 0B / 2.85MB 0.4s
#5 sha256:4819c95424fc4a94767c9329b02238ebcce0bc682384cb671379bc1fb8a12b55 10.94MB / 10.94MB 0.5s done
#5 extracting sha256:96526aa774ef0126ad0fe9e9a95764c5fc37f409ab9e97021e7b4775d82bf6fa
#5 sha256:96526aa774ef0126ad0fe9e9a95764c5fc37f409ab9e97021e7b4775d82bf6fa 3.40MB / 3.40MB 0.6s done
#5 sha256:ea1518237b3753b3fe40ee773d77651704178d9baa72ae5012e13a992cfa6c63 1.05MB / 2.85MB 0.7s
#5 extracting sha256:96526aa774ef0126ad0fe9e9a95764c5fc37f409ab9e97021e7b4775d82bf6fa 0.1s done
#5 extracting sha256:9875af95546db78168a6761b7fa205ed1cd0c153cd89356c1512e551c12b2d5c
#5 sha256:ea1518237b3753b3fe40ee773d77651704178d9baa72ae5012e13a992cfa6c63 2.85MB / 2.85MB 0.7s done
#5 extracting sha256:9875af95546db78168a6761b7fa205ed1cd0c153cd89356c1512e551c12b2d5c 0.2s done
#5 extracting sha256:4819c95424fc4a94767c9329b02238ebcce0bc682384cb671379bc1fb8a12b55
#5 extracting sha256:4819c95424fc4a94767c9329b02238ebcce0bc682384cb671379bc1fb8a12b55 0.3s done
#5 extracting sha256:148762f75a1f92cc9857e9c488bf95d5aac61e9905ec47a7408025b2dd5c3b7a done
#5 extracting sha256:ea1518237b3753b3fe40ee773d77651704178d9baa72ae5012e13a992cfa6c63 0.1s
#5 extracting sha256:ea1518237b3753b3fe40ee773d77651704178d9baa72ae5012e13a992cfa6c63 0.2s done
#5 DONE 1.6s

#6 [2/8] RUN apk update
#6 0.180 fetch https://dl-cdn.alpinelinux.org/alpine/v3.18/main/x86_64/APKINDEX.tar.gz
#6 0.443 fetch https://dl-cdn.alpinelinux.org/alpine/v3.18/community/x86_64/APKINDEX.tar.gz
#6 0.779 v3.18.6-197-gcea87010f56 [https://dl-cdn.alpinelinux.org/alpine/v3.18/main]
#6 0.779 v3.18.6-197-gcea87010f56 [https://dl-cdn.alpinelinux.org/alpine/v3.18/community]
#6 0.779 OK: 20084 distinct packages available
#6 DONE 0.8s

#7 [3/8] RUN apk add git gcc musl-dev linux-headers
#7 0.386 (1/21) Upgrading musl (1.2.4-r1 -> 1.2.4-r2)
#7 0.628 (2/21) Installing libgcc (12.2.1_git20220924-r10)
#7 0.638 (3/21) Installing libstdc++ (12.2.1_git20220924-r10)
#7 0.662 (4/21) Installing zstd-libs (1.5.5-r4)
#7 0.677 (5/21) Installing binutils (2.40-r7)
#7 0.735 (6/21) Installing libgomp (12.2.1_git20220924-r10)
#7 0.747 (7/21) Installing libatomic (12.2.1_git20220924-r10)
#7 0.756 (8/21) Installing gmp (6.2.1-r3)
#7 0.769 (9/21) Installing isl26 (0.26-r1)
#7 0.790 (10/21) Installing mpfr4 (4.2.0_p12-r0)
#7 0.805 (11/21) Installing mpc1 (1.3.1-r1)
#7 0.815 (12/21) Installing gcc (12.2.1_git20220924-r10)
#7 1.477 (13/21) Installing brotli-libs (1.0.9-r14)
#7 1.492 (14/21) Installing libunistring (1.1-r1)
#7 1.511 (15/21) Installing libidn2 (2.3.4-r1)
#7 1.521 (16/21) Installing nghttp2-libs (1.57.0-r0)
#7 1.531 (17/21) Installing libcurl (8.5.0-r0)
#7 1.545 (18/21) Installing pcre2 (10.42-r1)
#7 1.559 (19/21) Installing git (2.40.1-r0)
#7 1.622 (20/21) Installing linux-headers (6.3-r0)
#7 1.743 (21/21) Installing musl-dev (1.2.4-r2)
#7 1.811 Executing busybox-1.36.1-r2.trigger
#7 1.818 OK: 176 MiB in 58 packages
#7 DONE 2.0s

#8 [4/8] RUN git clone https://github.com/pwojcikdev/nano-prom-exporter.git app
#8 0.182 Cloning into 'app'...
#8 DONE 0.7s

#9 [5/8] WORKDIR /app
#9 DONE 0.0s

#10 [6/8] RUN git checkout fc1d802b7c0737cdadebd34c2d90de232c7d9069
#10 0.214 Note: switching to 'fc1d802b7c0737cdadebd34c2d90de232c7d9069'.
#10 0.214 
#10 0.214 You are in 'detached HEAD' state. You can look around, make experimental
#10 0.214 changes and commit them, and you can discard any commits you make in this
#10 0.214 state without impacting any branches by switching back to a branch.
#10 0.214 
#10 0.214 If you want to create a new branch to retain commits you create, you may
#10 0.214 do so (now or later) by using -c with the switch command. Example:
#10 0.214 
#10 0.214   git switch -c <new-branch-name>
#10 0.214 
#10 0.214 Or undo this operation with:
#10 0.214 
#10 0.214   git switch -
#10 0.214 
#10 0.214 Turn off this advice by setting config variable advice.detachedHead to false
#10 0.214 
#10 0.214 HEAD is now at fc1d802 fix macos
#10 DONE 0.2s

#11 [7/8] RUN pip install -r requirements.txt
#11 1.509 Collecting prometheus-client
#11 1.566   Downloading prometheus_client-0.17.1-py3-none-any.whl (60 kB)
#11 1.581      ━━━━━━━━━━━━━━━━━━━━━━━━━━━━━━━━━━━━━━━━ 60.6/60.6 kB 4.1 MB/s eta 0:00:00
#11 1.633 Collecting requests
#11 1.644   Downloading requests-2.31.0-py3-none-any.whl (62 kB)
#11 1.648      ━━━━━━━━━━━━━━━━━━━━━━━━━━━━━━━━━━━━━━━━ 62.6/62.6 kB 21.3 MB/s eta 0:00:00
#11 1.771 Collecting psutil
#11 1.782   Downloading psutil-5.9.8.tar.gz (503 kB)
#11 1.804      ━━━━━━━━━━━━━━━━━━━━━━━━━━━━━━━━━━━━━━ 503.2/503.2 kB 25.2 MB/s eta 0:00:00
#11 1.903   Installing build dependencies: started
#11 3.396   Installing build dependencies: finished with status 'done'
#11 3.397   Getting requirements to build wheel: started
#11 3.656   Getting requirements to build wheel: finished with status 'done'
#11 3.659   Preparing metadata (pyproject.toml): started
#11 3.895   Preparing metadata (pyproject.toml): finished with status 'done'
#11 3.940 Collecting certifi>=2017.4.17
#11 3.951   Downloading certifi-2024.2.2-py3-none-any.whl (163 kB)
#11 3.958      ━━━━━━━━━━━━━━━━━━━━━━━━━━━━━━━━━━━━━━ 163.8/163.8 kB 43.9 MB/s eta 0:00:00
#11 4.061 Collecting charset-normalizer<4,>=2
#11 4.072   Downloading charset_normalizer-3.3.2-cp37-cp37m-musllinux_1_1_x86_64.whl (136 kB)
#11 4.077      ━━━━━━━━━━━━━━━━━━━━━━━━━━━━━━━━━━━━━━ 137.0/137.0 kB 41.4 MB/s eta 0:00:00
#11 4.101 Collecting idna<4,>=2.5
#11 4.112   Downloading idna-3.7-py3-none-any.whl (66 kB)
#11 4.116      ━━━━━━━━━━━━━━━━━━━━━━━━━━━━━━━━━━━━━━━━ 66.8/66.8 kB 23.4 MB/s eta 0:00:00
#11 4.173 Collecting urllib3<3,>=1.21.1
#11 4.184   Downloading urllib3-2.0.7-py3-none-any.whl (124 kB)
#11 4.189      ━━━━━━━━━━━━━━━━━━━━━━━━━━━━━━━━━━━━━━ 124.2/124.2 kB 37.6 MB/s eta 0:00:00
#11 4.219 Building wheels for collected packages: psutil
#11 4.220   Building wheel for psutil (pyproject.toml): started
#11 5.606   Building wheel for psutil (pyproject.toml): finished with status 'done'
#11 5.607   Created wheel for psutil: filename=psutil-5.9.8-cp37-abi3-linux_x86_64.whl size=277821 sha256=f8923e105a854006e68f602f3ba7792fc59a67f8475f65e87d340e54f2028c66
#11 5.607   Stored in directory: /root/.cache/pip/wheels/8d/cf/8c/1e8d039a01ea9b6d457d131bb551465a4cce4f1cb4c461393a
#11 5.611 Successfully built psutil
#11 5.684 Installing collected packages: urllib3, psutil, prometheus-client, idna, charset-normalizer, certifi, requests
#11 6.058 Successfully installed certifi-2024.2.2 charset-normalizer-3.3.2 idna-3.7 prometheus-client-0.17.1 psutil-5.9.8 requests-2.31.0 urllib3-2.0.7
#11 6.058 WARNING: Running pip as the 'root' user can result in broken permissions and conflicting behaviour with the system package manager. It is recommended to use a virtual environment instead: https://pip.pypa.io/warnings/venv
#11 6.064 
#11 6.064 [notice] A new release of pip is available: 23.0.1 -> 24.0
#11 6.064 [notice] To update, run: pip install --upgrade pip
#11 DONE 6.2s

#12 exporting to image
#12 exporting layers
#12 exporting layers 0.8s done
#12 writing image sha256:748cd031e6174fbdd27c14008677f2b72e26a027e05b24e6a7e34dab3d855bf8 done
#12 naming to docker.io/library/nanomock_nl_genesis_exporter done
#12 DONE 0.8s
Image for service nl_genesis_exporter was built because it did not already exist. To rebuild this image you must use `docker-compose build` or `docker-compose up --build`.
Building nl_pr1_exporter
#0 building with "default" instance using docker driver

#1 [internal] load build definition from Dockerfile
#1 transferring dockerfile: 435B done
#1 DONE 0.0s

#2 [internal] load metadata for docker.io/library/python:3.7-alpine
#2 ERROR: failed to do request: Head "https://registry-1.docker.io/v2/library/python/manifests/3.7-alpine": EOF
------
 > [internal] load metadata for docker.io/library/python:3.7-alpine:
------
Dockerfile:1
--------------------
   1 | >>> FROM python:3.7-alpine
   2 |     
   3 |     WORKDIR /
--------------------
ERROR: failed to solve: python:3.7-alpine: failed to resolve source metadata for docker.io/library/python:3.7-alpine: failed to do request: Head "https://registry-1.docker.io/v2/library/python/manifests/3.7-alpine": EOF
Service 'nl_pr1_exporter' failed to build

ERROR: Return code: 1
Traceback (most recent call last):
  File "/opt/hostedtoolcache/Python/3.8.18/x64/lib/python3.8/site-packages/nanomock/internal/utils.py", line 198, in subprocess_run_capture_output
    result = subprocess.run(cmd,
  File "/opt/hostedtoolcache/Python/3.8.18/x64/lib/python3.8/subprocess.py", line 516, in run
    raise CalledProcessError(retcode, process.args,
subprocess.CalledProcessError: Command 'docker-compose -f /home/runner/work/nano-node-builder/nano-node-builder/nano_nodes/docker-compose.yml -p nanomock up -d' returned non-zero exit status 1.

During handling of the above exception, another exception occurred:

Traceback (most recent call last):
  File "/opt/hostedtoolcache/Python/3.8.18/x64/bin/nanomock", line 8, in <module>
    sys.exit(main())
  File "/opt/hostedtoolcache/Python/3.8.18/x64/lib/python3.8/site-packages/nanomock/main.py", line 58, in main
    asyncio.run(main_async(args))
  File "/opt/hostedtoolcache/Python/3.8.18/x64/lib/python3.8/asyncio/runners.py", line 44, in run
    return loop.run_until_complete(main)
  File "/opt/hostedtoolcache/Python/3.8.18/x64/lib/python3.8/asyncio/base_events.py", line 616, in run_until_complete
    return future.result()
  File "/opt/hostedtoolcache/Python/3.8.18/x64/lib/python3.8/site-packages/nanomock/main.py", line 54, in main_async
    await manager.execute_command(args.command, args.nodes, args.payload)
  File "/opt/hostedtoolcache/Python/3.8.18/x64/lib/python3.8/site-packages/nanomock/nanomock_manager.py", line 504, in execute_command
    await command_func(**filtered_command_args)
  File "/opt/hostedtoolcache/Python/3.8.18/x64/lib/python3.8/site-packages/nanomock/internal/utils.py", line 57, in async_wrapper
    result = await func(*args, **kwargs)
  File "/opt/hostedtoolcache/Python/3.8.18/x64/lib/python3.8/site-packages/nanomock/nanomock_manager.py", line 433, in start_containers
    self.docker_interface.compose_start(nodes)
  File "/opt/hostedtoolcache/Python/3.8.18/x64/lib/python3.8/site-packages/nanomock/docker/mixin.py", line 56, in compose_start
    return self._run_command(cmd)
  File "/opt/hostedtoolcache/Python/3.8.18/x64/lib/python3.8/site-packages/nanomock/docker/mixin.py", line 33, in _run_command
    subprocess_run_capture_output(base_command)
  File "/opt/hostedtoolcache/Python/3.8.18/x64/lib/python3.8/site-packages/nanomock/internal/utils.py", line 209, in subprocess_run_capture_output
    raise subprocess.CalledProcessError(
subprocess.CalledProcessError: <exception str() failed>Exception in thread Thread-1:
Traceback (most recent call last):
  File "/opt/hostedtoolcache/Python/3.8.18/x64/lib/python3.8/threading.py", line 932, in _bootstrap_inner
    self.run()
  File "/opt/hostedtoolcache/Python/3.8.18/x64/lib/python3.8/threading.py", line 870, in run
    self._target(*self._args, **self._kwargs)
  File "/opt/hostedtoolcache/Python/3.8.18/x64/lib/python3.8/site-packages/nanolab/command/mixins/threaded_command_mixin.py", line 26, in _execute_command_sequence
    self.command_instance.execute_another_command(command_config)
  File "/opt/hostedtoolcache/Python/3.8.18/x64/lib/python3.8/site-packages/nanolab/command/command.py", line 49, in execute_another_command
    another_command.execute()
  File "/opt/hostedtoolcache/Python/3.8.18/x64/lib/python3.8/site-packages/nanolab/command/command.py", line 41, in execute
    self.mixin.execute()
  File "/opt/hostedtoolcache/Python/3.8.18/x64/lib/python3.8/site-packages/nanolab/command/mixins/python_command_mixin.py", line 40, in execute
    method(**filtered_variables)
  File "/opt/hostedtoolcache/Python/3.8.18/x64/lib/python3.8/site-packages/nanolab/pycmd.py", line 35, in publish_create
    asyncio.run(test_case.run())
  File "/opt/hostedtoolcache/Python/3.8.18/x64/lib/python3.8/asyncio/runners.py", line 44, in run
    return loop.run_until_complete(main)
  File "/opt/hostedtoolcache/Python/3.8.18/x64/lib/python3.8/asyncio/base_events.py", line 616, in run_until_complete
    return future.result()
  File "/opt/hostedtoolcache/Python/3.8.18/x64/lib/python3.8/site-packages/nanolab/publisher/test_case.py", line 115, in run
    await self.stats_manager.initialize(self.node_name)
  File "/opt/hostedtoolcache/Python/3.8.18/x64/lib/python3.8/site-packages/nanolab/publisher/confirmation_stats.py", line 17, in initialize
    start_block_count = await self.nanorpc.block_count()
  File "/opt/hostedtoolcache/Python/3.8.18/x64/lib/python3.8/site-packages/nanorpc/client.py", line 50, in block_count
    return await self.rpc.block_count(include_cemented=include_cemented)
  File "/opt/hostedtoolcache/Python/3.8.18/x64/lib/python3.8/site-packages/nanorpc/client_dynamic.py", line 33, in method
    return await self.process_payloads([payload])
  File "/opt/hostedtoolcache/Python/3.8.18/x64/lib/python3.8/site-packages/nanorpc/client_dynamic.py", line 119, in process_payloads
    return await self._request_with_retry(self._request, payloads)
  File "/opt/hostedtoolcache/Python/3.8.18/x64/lib/python3.8/site-packages/nanorpc/client_dynamic.py", line 101, in _request_with_retry
    return await self._retry_on_exception(coroutine,
  File "/opt/hostedtoolcache/Python/3.8.18/x64/lib/python3.8/site-packages/nanorpc/client_dynamic.py", line 95, in _retry_on_exception
    raise MaxRetriesExceededError(
nanorpc.client_dynamic.MaxRetriesExceededError: All 1 retries exhausted for _request. Last error: Cannot connect to host 172.17.0.1:45101 ssl:default [Connect call failed ('172.17.0.1', 45101)]

