456acf9e4ad38126e64e84c023e610938fb2877d: Pulling from gr0v1ty/nano-node
3c645031de29: Already exists
a78220324569: Pulling fs layer
3ec634674a6d: Pulling fs layer
646f254ab158: Pulling fs layer
5b3917c15e8c: Pulling fs layer
d2095c11ec8c: Pulling fs layer
0432a0dfeec7: Pulling fs layer
c9d6c16257ba: Pulling fs layer
4f4fb700ef54: Pulling fs layer
b98bc1817299: Pulling fs layer
abdebbe128a0: Pulling fs layer
5b3917c15e8c: Waiting
d2095c11ec8c: Waiting
0432a0dfeec7: Waiting
c9d6c16257ba: Waiting
abdebbe128a0: Waiting
4f4fb700ef54: Waiting
b98bc1817299: Waiting
a78220324569: Download complete
a78220324569: Pull complete
5b3917c15e8c: Download complete
d2095c11ec8c: Verifying Checksum
d2095c11ec8c: Download complete
0432a0dfeec7: Download complete
c9d6c16257ba: Verifying Checksum
c9d6c16257ba: Download complete
646f254ab158: Verifying Checksum
646f254ab158: Download complete
4f4fb700ef54: Verifying Checksum
4f4fb700ef54: Download complete
b98bc1817299: Verifying Checksum
b98bc1817299: Download complete
abdebbe128a0: Verifying Checksum
abdebbe128a0: Download complete
3ec634674a6d: Verifying Checksum
3ec634674a6d: Download complete
3ec634674a6d: Pull complete
646f254ab158: Pull complete
5b3917c15e8c: Pull complete
d2095c11ec8c: Pull complete
0432a0dfeec7: Pull complete
c9d6c16257ba: Pull complete
4f4fb700ef54: Pull complete
b98bc1817299: Pull complete
abdebbe128a0: Pull complete
Digest: sha256:7496ae438ef5a90935514eb920651f664b7fcf2c3e52dbbf4845d68a5e0f3b3f
Status: Downloaded newer image for gr0v1ty/nano-node:456acf9e4ad38126e64e84c023e610938fb2877d
docker.io/gr0v1ty/nano-node:456acf9e4ad38126e64e84c023e610938fb2877d
https://api.github.com/repos/gr0vity-dev/nanolab-configs/contents/quick_testing/5n4pr_conf_change_independant.json
Start Fetching '5n4pr_conf_change_independant_config.json' to '/home/runner/work/nano-node-builder/nano-node-builder/testcases/5n4pr_conf_change_independant_config.json'
Done  Fetching '5n4pr_conf_change_independant_config.json' to '/home/runner/work/nano-node-builder/nano-node-builder/testcases/5n4pr_conf_change_independant_config.json'
Start Fetching '5n4pr_bucket0-1-88-90-100_10kaccs.ldb' to '/home/runner/work/nano-node-builder/nano-node-builder/testcases/downloads/5n4pr_bucket0-1-88-90-100_10kaccs.ldb'
Done  Fetching '5n4pr_bucket0-1-88-90-100_10kaccs.ldb' to '/home/runner/work/nano-node-builder/nano-node-builder/testcases/downloads/5n4pr_bucket0-1-88-90-100_10kaccs.ldb'
Start Fetching '5n4pr_quicktesting_config.toml' to '/home/runner/work/nano-node-builder/nano-node-builder/testcases/downloads/5n4pr_quicktesting_config.toml'
Done  Fetching '5n4pr_quicktesting_config.toml' to '/home/runner/work/nano-node-builder/nano-node-builder/testcases/downloads/5n4pr_quicktesting_config.toml'
Error executing command: nanomock create && nanomock reset
Error: INFO: nanomock data has been copied to your current working directory.
WARNING: No config-node.toml found. minimal version was created
WARNING: No config-rpc.toml found. minimal version was created
WARNING: No config-node.toml found. minimal version was created
WARNING: No config-rpc.toml found. minimal version was created
WARNING: No config-node.toml found. minimal version was created
WARNING: No config-rpc.toml found. minimal version was created
WARNING: No config-node.toml found. minimal version was created
WARNING: No config-rpc.toml found. minimal version was created
WARNING: No config-node.toml found. minimal version was created
WARNING: No config-rpc.toml found. minimal version was created
SUCCESS: Docker Compose file created at /home/runner/work/nano-node-builder/nano-node-builder/nano_nodes/docker-compose.yml
SUCCESS: nl_genesis_exporter added for node nl_genesis
nl_pr1_exporter added for node nl_pr1
nl_pr2_exporter added for node nl_pr2
nl_pr3_exporter added for node nl_pr3
nl_pr4_exporter added for node nl_pr4
SUCCESS: stop_containers completed with None result.
SUCCESS: reset_nodes_data completed with None result.
The network 'nl_nano-local' already exists.
Error executing command: nanomock create
Error: INFO: nanomock data has been copied to your current working directory.
WARNING: No config-node.toml found. minimal version was created
WARNING: No config-rpc.toml found. minimal version was created
WARNING: No config-node.toml found. minimal version was created
WARNING: No config-rpc.toml found. minimal version was created
WARNING: No config-node.toml found. minimal version was created
WARNING: No config-rpc.toml found. minimal version was created
WARNING: No config-node.toml found. minimal version was created
WARNING: No config-rpc.toml found. minimal version was created
WARNING: No config-node.toml found. minimal version was created
WARNING: No config-rpc.toml found. minimal version was created
SUCCESS: Docker Compose file created at /home/runner/work/nano-node-builder/nano-node-builder/nano_nodes/docker-compose.yml
SUCCESS: nl_genesis_exporter added for node nl_genesis
nl_pr1_exporter added for node nl_pr1
nl_pr2_exporter added for node nl_pr2
nl_pr3_exporter added for node nl_pr3
nl_pr4_exporter added for node nl_pr4
Error executing command: nanomock start && nanomock init_wallets
Error: ERROR: Command failed: docker-compose -f /home/runner/work/nano-node-builder/nano-node-builder/nano_nodes/docker-compose.yml -p nanomock up -d
ERROR: Error output: Creating volume "nanomock_nl_default_volume" with default driver
Building nl_genesis
#0 building with "default" instance using docker driver

#1 [internal] load build definition from custom_Dockerfile
#1 transferring dockerfile: 551B done
#1 DONE 0.0s

#2 [internal] load metadata for docker.io/gr0v1ty/nano-node:456acf9e4ad38126e64e84c023e610938fb2877d
#2 DONE 0.0s

#3 [internal] load .dockerignore
#3 transferring context: 2B done
#3 DONE 0.0s

#4 [1/4] FROM docker.io/gr0v1ty/nano-node:456acf9e4ad38126e64e84c023e610938fb2877d
#4 DONE 0.0s

#5 [2/4] RUN groupadd -g 1001 nanolocal
#5 DONE 0.5s

#6 [3/4] RUN if [ "1001" != "0" ] && [ "1001" != "1000" ];     then useradd -u 1001 -g nanolocal -s /bin/sh -m nanolocal ;     fi
#6 DONE 0.4s

#7 [4/4] RUN if [[ -z "FALSE" ]] ;     then echo TC_ENABLE not provided ;     else apt-get update && apt-get install iproute2 -y;     fi
#7 0.192 /bin/sh: 1: [[: not found
#7 1.127 Get:1 http://archive.ubuntu.com/ubuntu jammy InRelease [270 kB]
#7 1.127 Get:2 http://security.ubuntu.com/ubuntu jammy-security InRelease [110 kB]
#7 1.519 Get:3 http://archive.ubuntu.com/ubuntu jammy-updates InRelease [119 kB]
#7 1.629 Get:4 http://security.ubuntu.com/ubuntu jammy-security/universe amd64 Packages [1077 kB]
#7 1.668 Get:5 http://archive.ubuntu.com/ubuntu jammy-backports InRelease [109 kB]
#7 1.772 Get:6 http://archive.ubuntu.com/ubuntu jammy/main amd64 Packages [1792 kB]
#7 2.018 Get:7 http://security.ubuntu.com/ubuntu jammy-security/multiverse amd64 Packages [44.7 kB]
#7 2.020 Get:8 http://security.ubuntu.com/ubuntu jammy-security/main amd64 Packages [1756 kB]
#7 2.068 Get:9 http://archive.ubuntu.com/ubuntu jammy/universe amd64 Packages [17.5 MB]
#7 2.132 Get:10 http://security.ubuntu.com/ubuntu jammy-security/restricted amd64 Packages [2265 kB]
#7 2.618 Get:11 http://archive.ubuntu.com/ubuntu jammy/restricted amd64 Packages [164 kB]
#7 2.619 Get:12 http://archive.ubuntu.com/ubuntu jammy/multiverse amd64 Packages [266 kB]
#7 2.620 Get:13 http://archive.ubuntu.com/ubuntu jammy-updates/multiverse amd64 Packages [51.1 kB]
#7 2.621 Get:14 http://archive.ubuntu.com/ubuntu jammy-updates/universe amd64 Packages [1370 kB]
#7 2.659 Get:15 http://archive.ubuntu.com/ubuntu jammy-updates/restricted amd64 Packages [2339 kB]
#7 2.780 Get:16 http://archive.ubuntu.com/ubuntu jammy-updates/main amd64 Packages [2036 kB]
#7 2.839 Get:17 http://archive.ubuntu.com/ubuntu jammy-backports/main amd64 Packages [81.0 kB]
#7 2.884 Get:18 http://archive.ubuntu.com/ubuntu jammy-backports/universe amd64 Packages [31.9 kB]
#7 3.388 Fetched 31.4 MB in 2s (12.7 MB/s)
#7 3.388 Reading package lists...
#7 4.057 Reading package lists...
#7 4.677 Building dependency tree...
#7 4.796 Reading state information...
#7 4.898 The following additional packages will be installed:
#7 4.898   libatm1 libbpf0 libbsd0 libcap2-bin libelf1 libmd0 libmnl0 libpam-cap
#7 4.898   libxtables12
#7 4.899 Suggested packages:
#7 4.899   iproute2-doc
#7 4.921 The following NEW packages will be installed:
#7 4.921   iproute2 libatm1 libbpf0 libbsd0 libcap2-bin libelf1 libmd0 libmnl0
#7 4.922   libpam-cap libxtables12
#7 4.962 0 upgraded, 10 newly installed, 0 to remove and 3 not upgraded.
#7 4.962 Need to get 1430 kB of archives.
#7 4.962 After this operation, 4151 kB of additional disk space will be used.
#7 4.962 Get:1 http://archive.ubuntu.com/ubuntu jammy/main amd64 libelf1 amd64 0.186-1build1 [51.0 kB]
#7 5.003 Get:2 http://archive.ubuntu.com/ubuntu jammy-updates/main amd64 libbpf0 amd64 1:0.5.0-1ubuntu22.04.1 [140 kB]
#7 5.026 Get:3 http://archive.ubuntu.com/ubuntu jammy/main amd64 libmd0 amd64 1.0.4-1build1 [23.0 kB]
#7 5.029 Get:4 http://archive.ubuntu.com/ubuntu jammy/main amd64 libbsd0 amd64 0.11.5-1 [44.8 kB]
#7 5.033 Get:5 http://archive.ubuntu.com/ubuntu jammy/main amd64 libmnl0 amd64 1.0.4-3build2 [13.2 kB]
#7 5.033 Get:6 http://archive.ubuntu.com/ubuntu jammy-updates/main amd64 libxtables12 amd64 1.8.7-1ubuntu5.2 [31.3 kB]
#7 5.036 Get:7 http://archive.ubuntu.com/ubuntu jammy-updates/main amd64 libcap2-bin amd64 1:2.44-1ubuntu0.22.04.1 [26.0 kB]
#7 5.038 Get:8 http://archive.ubuntu.com/ubuntu jammy/main amd64 iproute2 amd64 5.15.0-1ubuntu2 [1070 kB]
#7 5.069 Get:9 http://archive.ubuntu.com/ubuntu jammy/main amd64 libatm1 amd64 1:2.5.1-4build2 [22.8 kB]
#7 5.070 Get:10 http://archive.ubuntu.com/ubuntu jammy-updates/main amd64 libpam-cap amd64 1:2.44-1ubuntu0.22.04.1 [7928 B]
#7 5.694 debconf: delaying package configuration, since apt-utils is not installed
#7 5.720 Fetched 1430 kB in 0s (9921 kB/s)
#7 5.886 Selecting previously unselected package libelf1:amd64.
#7 5.886 (Reading database ... 
(Reading database ... 5%
(Reading database ... 10%
(Reading database ... 15%
(Reading database ... 20%
(Reading database ... 25%
(Reading database ... 30%
(Reading database ... 35%
(Reading database ... 40%
(Reading database ... 45%
(Reading database ... 50%
(Reading database ... 55%
(Reading database ... 60%
(Reading database ... 65%
(Reading database ... 70%
(Reading database ... 75%
(Reading database ... 80%
(Reading database ... 85%
(Reading database ... 90%
(Reading database ... 95%
(Reading database ... 100%
(Reading database ... 4393 files and directories currently installed.)
#7 6.250 Preparing to unpack .../0-libelf1_0.186-1build1_amd64.deb ...
#7 6.252 Unpacking libelf1:amd64 (0.186-1build1) ...
#7 6.268 Selecting previously unselected package libbpf0:amd64.
#7 6.269 Preparing to unpack .../1-libbpf0_1%3a0.5.0-1ubuntu22.04.1_amd64.deb ...
#7 6.270 Unpacking libbpf0:amd64 (1:0.5.0-1ubuntu22.04.1) ...
#7 6.285 Selecting previously unselected package libmd0:amd64.
#7 6.286 Preparing to unpack .../2-libmd0_1.0.4-1build1_amd64.deb ...
#7 6.287 Unpacking libmd0:amd64 (1.0.4-1build1) ...
#7 6.301 Selecting previously unselected package libbsd0:amd64.
#7 6.301 Preparing to unpack .../3-libbsd0_0.11.5-1_amd64.deb ...
#7 6.302 Unpacking libbsd0:amd64 (0.11.5-1) ...
#7 6.317 Selecting previously unselected package libmnl0:amd64.
#7 6.318 Preparing to unpack .../4-libmnl0_1.0.4-3build2_amd64.deb ...
#7 6.319 Unpacking libmnl0:amd64 (1.0.4-3build2) ...
#7 6.333 Selecting previously unselected package libxtables12:amd64.
#7 6.333 Preparing to unpack .../5-libxtables12_1.8.7-1ubuntu5.2_amd64.deb ...
#7 6.334 Unpacking libxtables12:amd64 (1.8.7-1ubuntu5.2) ...
#7 6.348 Selecting previously unselected package libcap2-bin.
#7 6.348 Preparing to unpack .../6-libcap2-bin_1%3a2.44-1ubuntu0.22.04.1_amd64.deb ...
#7 6.349 Unpacking libcap2-bin (1:2.44-1ubuntu0.22.04.1) ...
#7 6.368 Selecting previously unselected package iproute2.
#7 6.369 Preparing to unpack .../7-iproute2_5.15.0-1ubuntu2_amd64.deb ...
#7 6.370 Unpacking iproute2 (5.15.0-1ubuntu2) ...
#7 6.408 Selecting previously unselected package libatm1:amd64.
#7 6.409 Preparing to unpack .../8-libatm1_1%3a2.5.1-4build2_amd64.deb ...
#7 6.410 Unpacking libatm1:amd64 (1:2.5.1-4build2) ...
#7 6.429 Selecting previously unselected package libpam-cap:amd64.
#7 6.429 Preparing to unpack .../9-libpam-cap_1%3a2.44-1ubuntu0.22.04.1_amd64.deb ...
#7 6.431 Unpacking libpam-cap:amd64 (1:2.44-1ubuntu0.22.04.1) ...
#7 6.448 Setting up libatm1:amd64 (1:2.5.1-4build2) ...
#7 6.450 Setting up libcap2-bin (1:2.44-1ubuntu0.22.04.1) ...
#7 6.452 Setting up libmnl0:amd64 (1.0.4-3build2) ...
#7 6.455 Setting up libxtables12:amd64 (1.8.7-1ubuntu5.2) ...
#7 6.458 Setting up libmd0:amd64 (1.0.4-1build1) ...
#7 6.460 Setting up libbsd0:amd64 (0.11.5-1) ...
#7 6.463 Setting up libelf1:amd64 (0.186-1build1) ...
#7 6.465 Setting up libpam-cap:amd64 (1:2.44-1ubuntu0.22.04.1) ...
#7 6.598 debconf: unable to initialize frontend: Dialog
#7 6.598 debconf: (TERM is not set, so the dialog frontend is not usable.)
#7 6.598 debconf: falling back to frontend: Readline
#7 6.599 debconf: unable to initialize frontend: Readline
#7 6.599 debconf: (Can't locate Term/ReadLine.pm in @INC (you may need to install the Term::ReadLine module) (@INC contains: /etc/perl /usr/local/lib/x86_64-linux-gnu/perl/5.34.0 /usr/local/share/perl/5.34.0 /usr/lib/x86_64-linux-gnu/perl5/5.34 /usr/share/perl5 /usr/lib/x86_64-linux-gnu/perl-base /usr/lib/x86_64-linux-gnu/perl/5.34 /usr/share/perl/5.34 /usr/local/lib/site_perl) at /usr/share/perl5/Debconf/FrontEnd/Readline.pm line 7.)
#7 6.599 debconf: falling back to frontend: Teletype
#7 6.675 Setting up libbpf0:amd64 (1:0.5.0-1ubuntu22.04.1) ...
#7 6.677 Setting up iproute2 (5.15.0-1ubuntu2) ...
#7 6.744 debconf: unable to initialize frontend: Dialog
#7 6.744 debconf: (TERM is not set, so the dialog frontend is not usable.)
#7 6.744 debconf: falling back to frontend: Readline
#7 6.744 debconf: unable to initialize frontend: Readline
#7 6.745 debconf: (Can't locate Term/ReadLine.pm in @INC (you may need to install the Term::ReadLine module) (@INC contains: /etc/perl /usr/local/lib/x86_64-linux-gnu/perl/5.34.0 /usr/local/share/perl/5.34.0 /usr/lib/x86_64-linux-gnu/perl5/5.34 /usr/share/perl5 /usr/lib/x86_64-linux-gnu/perl-base /usr/lib/x86_64-linux-gnu/perl/5.34 /usr/share/perl/5.34 /usr/local/lib/site_perl) at /usr/share/perl5/Debconf/FrontEnd/Readline.pm line 7.)
#7 6.745 debconf: falling back to frontend: Teletype
#7 6.792 Processing triggers for libc-bin (2.35-0ubuntu3.6) ...
#7 DONE 7.5s

#8 exporting to image
#8 exporting layers
#8 exporting layers 0.9s done
#8 writing image sha256:532375db42dcf784edfef13238e9a3dc79fdfbe6abf48c6a4a2b0011e89e6a56 done
#8 naming to docker.io/library/nanomock_nl_genesis done
#8 DONE 0.9s
Image for service nl_genesis was built because it did not already exist. To rebuild this image you must use `docker-compose build` or `docker-compose up --build`.
Building nl_pr1
#0 building with "default" instance using docker driver

#1 [internal] load build definition from custom_Dockerfile
#1 transferring dockerfile: 551B done
#1 DONE 0.0s

#2 [internal] load metadata for docker.io/gr0v1ty/nano-node:456acf9e4ad38126e64e84c023e610938fb2877d
#2 DONE 0.0s

#3 [internal] load .dockerignore
#3 transferring context: 2B done
#3 DONE 0.0s

#4 [1/4] FROM docker.io/gr0v1ty/nano-node:456acf9e4ad38126e64e84c023e610938fb2877d
#4 DONE 0.0s

#5 [2/4] RUN groupadd -g 1001 nanolocal
#5 CACHED

#6 [3/4] RUN if [ "1001" != "0" ] && [ "1001" != "1000" ];     then useradd -u 1001 -g nanolocal -s /bin/sh -m nanolocal ;     fi
#6 CACHED

#7 [4/4] RUN if [[ -z "FALSE" ]] ;     then echo TC_ENABLE not provided ;     else apt-get update && apt-get install iproute2 -y;     fi
#7 CACHED

#8 exporting to image
#8 exporting layers done
#8 writing image sha256:532375db42dcf784edfef13238e9a3dc79fdfbe6abf48c6a4a2b0011e89e6a56 done
#8 naming to docker.io/library/nanomock_nl_pr1 done
#8 DONE 0.0s
Image for service nl_pr1 was built because it did not already exist. To rebuild this image you must use `docker-compose build` or `docker-compose up --build`.
Building nl_pr2
#0 building with "default" instance using docker driver

#1 [internal] load build definition from custom_Dockerfile
#1 transferring dockerfile: 551B done
#1 DONE 0.0s

#2 [internal] load metadata for docker.io/gr0v1ty/nano-node:456acf9e4ad38126e64e84c023e610938fb2877d
#2 DONE 0.0s

#3 [internal] load .dockerignore
#3 transferring context: 2B done
#3 DONE 0.0s

#4 [1/4] FROM docker.io/gr0v1ty/nano-node:456acf9e4ad38126e64e84c023e610938fb2877d
#4 DONE 0.0s

#5 [2/4] RUN groupadd -g 1001 nanolocal
#5 CACHED

#6 [3/4] RUN if [ "1001" != "0" ] && [ "1001" != "1000" ];     then useradd -u 1001 -g nanolocal -s /bin/sh -m nanolocal ;     fi
#6 CACHED

#7 [4/4] RUN if [[ -z "FALSE" ]] ;     then echo TC_ENABLE not provided ;     else apt-get update && apt-get install iproute2 -y;     fi
#7 CACHED

#8 exporting to image
#8 exporting layers done
#8 writing image sha256:532375db42dcf784edfef13238e9a3dc79fdfbe6abf48c6a4a2b0011e89e6a56 done
#8 naming to docker.io/library/nanomock_nl_pr2 done
#8 DONE 0.0s
Image for service nl_pr2 was built because it did not already exist. To rebuild this image you must use `docker-compose build` or `docker-compose up --build`.
Building nl_pr3
#0 building with "default" instance using docker driver

#1 [internal] load build definition from custom_Dockerfile
#1 transferring dockerfile: 551B done
#1 DONE 0.0s

#2 [internal] load metadata for docker.io/gr0v1ty/nano-node:456acf9e4ad38126e64e84c023e610938fb2877d
#2 DONE 0.0s

#3 [internal] load .dockerignore
#3 transferring context: 2B done
#3 DONE 0.0s

#4 [1/4] FROM docker.io/gr0v1ty/nano-node:456acf9e4ad38126e64e84c023e610938fb2877d
#4 DONE 0.0s

#5 [2/4] RUN groupadd -g 1001 nanolocal
#5 CACHED

#6 [3/4] RUN if [ "1001" != "0" ] && [ "1001" != "1000" ];     then useradd -u 1001 -g nanolocal -s /bin/sh -m nanolocal ;     fi
#6 CACHED

#7 [4/4] RUN if [[ -z "FALSE" ]] ;     then echo TC_ENABLE not provided ;     else apt-get update && apt-get install iproute2 -y;     fi
#7 CACHED

#8 exporting to image
#8 exporting layers done
#8 writing image sha256:532375db42dcf784edfef13238e9a3dc79fdfbe6abf48c6a4a2b0011e89e6a56 done
#8 naming to docker.io/library/nanomock_nl_pr3 done
#8 DONE 0.0s
Image for service nl_pr3 was built because it did not already exist. To rebuild this image you must use `docker-compose build` or `docker-compose up --build`.
Building nl_pr4
#0 building with "default" instance using docker driver

#1 [internal] load build definition from custom_Dockerfile
#1 transferring dockerfile: 551B done
#1 DONE 0.0s

#2 [internal] load metadata for docker.io/gr0v1ty/nano-node:456acf9e4ad38126e64e84c023e610938fb2877d
#2 DONE 0.0s

#3 [internal] load .dockerignore
#3 transferring context: 2B done
#3 DONE 0.0s

#4 [1/4] FROM docker.io/gr0v1ty/nano-node:456acf9e4ad38126e64e84c023e610938fb2877d
#4 DONE 0.0s

#5 [2/4] RUN groupadd -g 1001 nanolocal
#5 CACHED

#6 [3/4] RUN if [ "1001" != "0" ] && [ "1001" != "1000" ];     then useradd -u 1001 -g nanolocal -s /bin/sh -m nanolocal ;     fi
#6 CACHED

#7 [4/4] RUN if [[ -z "FALSE" ]] ;     then echo TC_ENABLE not provided ;     else apt-get update && apt-get install iproute2 -y;     fi
#7 CACHED

#8 exporting to image
#8 exporting layers done
#8 writing image sha256:532375db42dcf784edfef13238e9a3dc79fdfbe6abf48c6a4a2b0011e89e6a56 done
#8 naming to docker.io/library/nanomock_nl_pr4 done
#8 DONE 0.0s
Image for service nl_pr4 was built because it did not already exist. To rebuild this image you must use `docker-compose build` or `docker-compose up --build`.
Building nl_genesis_exporter
#0 building with "default" instance using docker driver

#1 [internal] load build definition from Dockerfile
#1 transferring dockerfile: 435B done
#1 DONE 0.0s

#2 [auth] library/python:pull token for registry-1.docker.io
#2 DONE 0.0s

#3 [internal] load metadata for docker.io/library/python:3.7-alpine
#3 DONE 0.3s

#4 [internal] load .dockerignore
#4 transferring context: 2B done
#4 DONE 0.0s

#5 [1/8] FROM docker.io/library/python:3.7-alpine@sha256:f3d31c8677d03f0b3c724446077f229a6ce9d3ac430f5c08cd7dff00292048c3
#5 resolve docker.io/library/python:3.7-alpine@sha256:f3d31c8677d03f0b3c724446077f229a6ce9d3ac430f5c08cd7dff00292048c3 done
#5 extracting sha256:96526aa774ef0126ad0fe9e9a95764c5fc37f409ab9e97021e7b4775d82bf6fa
#5 sha256:4819c95424fc4a94767c9329b02238ebcce0bc682384cb671379bc1fb8a12b55 0B / 10.94MB 0.1s
#5 sha256:148762f75a1f92cc9857e9c488bf95d5aac61e9905ec47a7408025b2dd5c3b7a 0B / 240B 0.1s
#5 sha256:ea1518237b3753b3fe40ee773d77651704178d9baa72ae5012e13a992cfa6c63 0B / 2.85MB 0.1s
#5 sha256:f3d31c8677d03f0b3c724446077f229a6ce9d3ac430f5c08cd7dff00292048c3 1.65kB / 1.65kB done
#5 sha256:e6da3ee9bb64dd12b98fa609487f112fe1e365522e6e8345309db15c22a80a51 1.37kB / 1.37kB done
#5 sha256:1bac8ae77e4af0b868b62a75115616a20e025e0451eeed05d94a4cfc4523e58a 6.87kB / 6.87kB done
#5 extracting sha256:96526aa774ef0126ad0fe9e9a95764c5fc37f409ab9e97021e7b4775d82bf6fa 0.1s done
#5 sha256:148762f75a1f92cc9857e9c488bf95d5aac61e9905ec47a7408025b2dd5c3b7a 240B / 240B 0.1s done
#5 sha256:ea1518237b3753b3fe40ee773d77651704178d9baa72ae5012e13a992cfa6c63 2.85MB / 2.85MB 0.2s done
#5 sha256:96526aa774ef0126ad0fe9e9a95764c5fc37f409ab9e97021e7b4775d82bf6fa 3.40MB / 3.40MB 0.1s done
#5 sha256:9875af95546db78168a6761b7fa205ed1cd0c153cd89356c1512e551c12b2d5c 622.29kB / 622.29kB 0.1s done
#5 extracting sha256:9875af95546db78168a6761b7fa205ed1cd0c153cd89356c1512e551c12b2d5c 0.1s
#5 sha256:4819c95424fc4a94767c9329b02238ebcce0bc682384cb671379bc1fb8a12b55 10.94MB / 10.94MB 0.3s done
#5 extracting sha256:9875af95546db78168a6761b7fa205ed1cd0c153cd89356c1512e551c12b2d5c 0.2s done
#5 extracting sha256:4819c95424fc4a94767c9329b02238ebcce0bc682384cb671379bc1fb8a12b55
#5 extracting sha256:4819c95424fc4a94767c9329b02238ebcce0bc682384cb671379bc1fb8a12b55 0.3s done
#5 extracting sha256:148762f75a1f92cc9857e9c488bf95d5aac61e9905ec47a7408025b2dd5c3b7a done
#5 extracting sha256:ea1518237b3753b3fe40ee773d77651704178d9baa72ae5012e13a992cfa6c63 0.1s
#5 extracting sha256:ea1518237b3753b3fe40ee773d77651704178d9baa72ae5012e13a992cfa6c63 0.2s done
#5 DONE 1.2s

#6 [2/8] RUN apk update
#6 0.171 fetch https://dl-cdn.alpinelinux.org/alpine/v3.18/main/x86_64/APKINDEX.tar.gz
#6 0.252 fetch https://dl-cdn.alpinelinux.org/alpine/v3.18/community/x86_64/APKINDEX.tar.gz
#6 0.462 v3.18.6-197-gcea87010f56 [https://dl-cdn.alpinelinux.org/alpine/v3.18/main]
#6 0.462 v3.18.6-197-gcea87010f56 [https://dl-cdn.alpinelinux.org/alpine/v3.18/community]
#6 0.462 OK: 20084 distinct packages available
#6 DONE 0.5s

#7 [3/8] RUN apk add git gcc musl-dev linux-headers
#7 0.413 (1/21) Upgrading musl (1.2.4-r1 -> 1.2.4-r2)
#7 0.463 (2/21) Installing libgcc (12.2.1_git20220924-r10)
#7 0.466 (3/21) Installing libstdc++ (12.2.1_git20220924-r10)
#7 0.483 (4/21) Installing zstd-libs (1.5.5-r4)
#7 0.493 (5/21) Installing binutils (2.40-r7)
#7 0.550 (6/21) Installing libgomp (12.2.1_git20220924-r10)
#7 0.555 (7/21) Installing libatomic (12.2.1_git20220924-r10)
#7 0.557 (8/21) Installing gmp (6.2.1-r3)
#7 0.563 (9/21) Installing isl26 (0.26-r1)
#7 0.579 (10/21) Installing mpfr4 (4.2.0_p12-r0)
#7 0.587 (11/21) Installing mpc1 (1.3.1-r1)
#7 0.591 (12/21) Installing gcc (12.2.1_git20220924-r10)
#7 1.276 (13/21) Installing brotli-libs (1.0.9-r14)
#7 1.285 (14/21) Installing libunistring (1.1-r1)
#7 1.301 (15/21) Installing libidn2 (2.3.4-r1)
#7 1.305 (16/21) Installing nghttp2-libs (1.57.0-r0)
#7 1.311 (17/21) Installing libcurl (8.5.0-r0)
#7 1.319 (18/21) Installing pcre2 (10.42-r1)
#7 1.327 (19/21) Installing git (2.40.1-r0)
#7 1.384 (20/21) Installing linux-headers (6.3-r0)
#7 1.498 (21/21) Installing musl-dev (1.2.4-r2)
#7 1.559 Executing busybox-1.36.1-r2.trigger
#7 1.566 OK: 176 MiB in 58 packages
#7 DONE 1.8s

#8 [4/8] RUN git clone https://github.com/pwojcikdev/nano-prom-exporter.git app
#8 0.170 Cloning into 'app'...
#8 DONE 0.4s

#9 [5/8] WORKDIR /app
#9 DONE 0.0s

#10 [6/8] RUN git checkout fc1d802b7c0737cdadebd34c2d90de232c7d9069
#10 0.173 Note: switching to 'fc1d802b7c0737cdadebd34c2d90de232c7d9069'.
#10 0.173 
#10 0.173 You are in 'detached HEAD' state. You can look around, make experimental
#10 0.173 changes and commit them, and you can discard any commits you make in this
#10 0.173 state without impacting any branches by switching back to a branch.
#10 0.173 
#10 0.173 If you want to create a new branch to retain commits you create, you may
#10 0.173 do so (now or later) by using -c with the switch command. Example:
#10 0.173 
#10 0.173   git switch -c <new-branch-name>
#10 0.173 
#10 0.173 Or undo this operation with:
#10 0.173 
#10 0.173   git switch -
#10 0.173 
#10 0.173 Turn off this advice by setting config variable advice.detachedHead to false
#10 0.173 
#10 0.173 HEAD is now at fc1d802 fix macos
#10 DONE 0.2s

#11 [7/8] RUN pip install -r requirements.txt
#11 1.580 Collecting prometheus-client
#11 1.617   Downloading prometheus_client-0.17.1-py3-none-any.whl (60 kB)
#11 1.629      ━━━━━━━━━━━━━━━━━━━━━━━━━━━━━━━━━━━━━━━━ 60.6/60.6 kB 6.3 MB/s eta 0:00:00
#11 1.674 Collecting requests
#11 1.678   Downloading requests-2.31.0-py3-none-any.whl (62 kB)
#11 1.683      ━━━━━━━━━━━━━━━━━━━━━━━━━━━━━━━━━━━━━━━━ 62.6/62.6 kB 19.5 MB/s eta 0:00:00
#11 1.798 Collecting psutil
#11 1.805   Downloading psutil-5.9.8.tar.gz (503 kB)
#11 1.816      ━━━━━━━━━━━━━━━━━━━━━━━━━━━━━━━━━━━━━━ 503.2/503.2 kB 54.7 MB/s eta 0:00:00
#11 1.914   Installing build dependencies: started
#11 3.390   Installing build dependencies: finished with status 'done'
#11 3.391   Getting requirements to build wheel: started
#11 3.663   Getting requirements to build wheel: finished with status 'done'
#11 3.666   Preparing metadata (pyproject.toml): started
#11 3.918   Preparing metadata (pyproject.toml): finished with status 'done'
#11 4.026 Collecting charset-normalizer<4,>=2
#11 4.031   Downloading charset_normalizer-3.3.2-cp37-cp37m-musllinux_1_1_x86_64.whl (136 kB)
#11 4.038      ━━━━━━━━━━━━━━━━━━━━━━━━━━━━━━━━━━━━━━ 137.0/137.0 kB 31.5 MB/s eta 0:00:00
#11 4.089 Collecting urllib3<3,>=1.21.1
#11 4.097   Downloading urllib3-2.0.7-py3-none-any.whl (124 kB)
#11 4.102      ━━━━━━━━━━━━━━━━━━━━━━━━━━━━━━━━━━━━━━ 124.2/124.2 kB 37.3 MB/s eta 0:00:00
#11 4.126 Collecting certifi>=2017.4.17
#11 4.130   Downloading certifi-2024.2.2-py3-none-any.whl (163 kB)
#11 4.135      ━━━━━━━━━━━━━━━━━━━━━━━━━━━━━━━━━━━━━━ 163.8/163.8 kB 48.0 MB/s eta 0:00:00
#11 4.152 Collecting idna<4,>=2.5
#11 4.155   Downloading idna-3.7-py3-none-any.whl (66 kB)
#11 4.160      ━━━━━━━━━━━━━━━━━━━━━━━━━━━━━━━━━━━━━━━━ 66.8/66.8 kB 19.3 MB/s eta 0:00:00
#11 4.189 Building wheels for collected packages: psutil
#11 4.190   Building wheel for psutil (pyproject.toml): started
#11 5.649   Building wheel for psutil (pyproject.toml): finished with status 'done'
#11 5.651   Created wheel for psutil: filename=psutil-5.9.8-cp37-abi3-linux_x86_64.whl size=277824 sha256=a56a84afe19c6ffa7a36eb35892fd1953d63b19d7377e8e6cd12598498f96255
#11 5.651   Stored in directory: /root/.cache/pip/wheels/8d/cf/8c/1e8d039a01ea9b6d457d131bb551465a4cce4f1cb4c461393a
#11 5.654 Successfully built psutil
#11 5.730 Installing collected packages: urllib3, psutil, prometheus-client, idna, charset-normalizer, certifi, requests
#11 6.123 Successfully installed certifi-2024.2.2 charset-normalizer-3.3.2 idna-3.7 prometheus-client-0.17.1 psutil-5.9.8 requests-2.31.0 urllib3-2.0.7
#11 6.124 WARNING: Running pip as the 'root' user can result in broken permissions and conflicting behaviour with the system package manager. It is recommended to use a virtual environment instead: https://pip.pypa.io/warnings/venv
#11 6.130 
#11 6.130 [notice] A new release of pip is available: 23.0.1 -> 24.0
#11 6.130 [notice] To update, run: pip install --upgrade pip
#11 DONE 6.3s

#12 exporting to image
#12 exporting layers
#12 exporting layers 0.8s done
#12 writing image sha256:28cc2b77edc72563b3e44c498511ebfb517e7b6f7c54c3144cce2a330cf3696c done
#12 naming to docker.io/library/nanomock_nl_genesis_exporter done
#12 DONE 0.8s
Image for service nl_genesis_exporter was built because it did not already exist. To rebuild this image you must use `docker-compose build` or `docker-compose up --build`.
Building nl_pr1_exporter
#0 building with "default" instance using docker driver

#1 [internal] load build definition from Dockerfile
#1 transferring dockerfile: 435B done
#1 DONE 0.0s

#2 [internal] load metadata for docker.io/library/python:3.7-alpine
#2 DONE 0.1s

#3 [internal] load .dockerignore
#3 transferring context: 2B done
#3 DONE 0.0s

#4 [1/8] FROM docker.io/library/python:3.7-alpine@sha256:f3d31c8677d03f0b3c724446077f229a6ce9d3ac430f5c08cd7dff00292048c3
#4 DONE 0.0s

#5 [4/8] RUN git clone https://github.com/pwojcikdev/nano-prom-exporter.git app
#5 CACHED

#6 [2/8] RUN apk update
#6 CACHED

#7 [3/8] RUN apk add git gcc musl-dev linux-headers
#7 CACHED

#8 [5/8] WORKDIR /app
#8 CACHED

#9 [6/8] RUN git checkout fc1d802b7c0737cdadebd34c2d90de232c7d9069
#9 CACHED

#10 [7/8] RUN pip install -r requirements.txt
#10 CACHED

#11 exporting to image
#11 exporting layers done
#11 writing image sha256:28cc2b77edc72563b3e44c498511ebfb517e7b6f7c54c3144cce2a330cf3696c done
#11 naming to docker.io/library/nanomock_nl_pr1_exporter done
#11 DONE 0.0s
Image for service nl_pr1_exporter was built because it did not already exist. To rebuild this image you must use `docker-compose build` or `docker-compose up --build`.
Building nl_pr2_exporter
#0 building with "default" instance using docker driver

#1 [internal] load build definition from Dockerfile
#1 transferring dockerfile: 435B done
#1 DONE 0.0s

#2 [internal] load metadata for docker.io/library/python:3.7-alpine
#2 DONE 0.1s

#3 [internal] load .dockerignore
#3 transferring context: 2B done
#3 DONE 0.0s

#4 [1/8] FROM docker.io/library/python:3.7-alpine@sha256:f3d31c8677d03f0b3c724446077f229a6ce9d3ac430f5c08cd7dff00292048c3
#4 DONE 0.0s

#5 [2/8] RUN apk update
#5 CACHED

#6 [5/8] WORKDIR /app
#6 CACHED

#7 [4/8] RUN git clone https://github.com/pwojcikdev/nano-prom-exporter.git app
#7 CACHED

#8 [6/8] RUN git checkout fc1d802b7c0737cdadebd34c2d90de232c7d9069
#8 CACHED

#9 [3/8] RUN apk add git gcc musl-dev linux-headers
#9 CACHED

#10 [7/8] RUN pip install -r requirements.txt
#10 CACHED

#11 exporting to image
#11 exporting layers done
#11 writing image sha256:28cc2b77edc72563b3e44c498511ebfb517e7b6f7c54c3144cce2a330cf3696c done
#11 naming to docker.io/library/nanomock_nl_pr2_exporter done
#11 DONE 0.0s
Image for service nl_pr2_exporter was built because it did not already exist. To rebuild this image you must use `docker-compose build` or `docker-compose up --build`.
Building nl_pr3_exporter
#0 building with "default" instance using docker driver

#1 [internal] load build definition from Dockerfile
#1 transferring dockerfile: 435B done
#1 DONE 0.0s

#2 [internal] load metadata for docker.io/library/python:3.7-alpine
#2 DONE 0.2s

#3 [internal] load .dockerignore
#3 transferring context: 2B done
#3 DONE 0.0s

#4 [1/8] FROM docker.io/library/python:3.7-alpine@sha256:f3d31c8677d03f0b3c724446077f229a6ce9d3ac430f5c08cd7dff00292048c3
#4 DONE 0.0s

#5 [6/8] RUN git checkout fc1d802b7c0737cdadebd34c2d90de232c7d9069
#5 CACHED

#6 [4/8] RUN git clone https://github.com/pwojcikdev/nano-prom-exporter.git app
#6 CACHED

#7 [2/8] RUN apk update
#7 CACHED

#8 [5/8] WORKDIR /app
#8 CACHED

#9 [3/8] RUN apk add git gcc musl-dev linux-headers
#9 CACHED

#10 [7/8] RUN pip install -r requirements.txt
#10 CACHED

#11 exporting to image
#11 exporting layers done
#11 writing image sha256:28cc2b77edc72563b3e44c498511ebfb517e7b6f7c54c3144cce2a330cf3696c done
#11 naming to docker.io/library/nanomock_nl_pr3_exporter done
#11 DONE 0.0s
Image for service nl_pr3_exporter was built because it did not already exist. To rebuild this image you must use `docker-compose build` or `docker-compose up --build`.
Building nl_pr4_exporter
#0 building with "default" instance using docker driver

#1 [internal] load build definition from Dockerfile
#1 transferring dockerfile: 435B done
#1 DONE 0.0s

#2 [internal] load metadata for docker.io/library/python:3.7-alpine
#2 DONE 0.1s

#3 [internal] load .dockerignore
#3 transferring context: 2B done
#3 DONE 0.0s

#4 [1/8] FROM docker.io/library/python:3.7-alpine@sha256:f3d31c8677d03f0b3c724446077f229a6ce9d3ac430f5c08cd7dff00292048c3
#4 DONE 0.0s

#5 [5/8] WORKDIR /app
#5 CACHED

#6 [6/8] RUN git checkout fc1d802b7c0737cdadebd34c2d90de232c7d9069
#6 CACHED

#7 [2/8] RUN apk update
#7 CACHED

#8 [3/8] RUN apk add git gcc musl-dev linux-headers
#8 CACHED

#9 [4/8] RUN git clone https://github.com/pwojcikdev/nano-prom-exporter.git app
#9 CACHED

#10 [7/8] RUN pip install -r requirements.txt
#10 CACHED

#11 exporting to image
#11 exporting layers done
#11 writing image sha256:28cc2b77edc72563b3e44c498511ebfb517e7b6f7c54c3144cce2a330cf3696c done
#11 naming to docker.io/library/nanomock_nl_pr4_exporter done
#11 DONE 0.0s
Image for service nl_pr4_exporter was built because it did not already exist. To rebuild this image you must use `docker-compose build` or `docker-compose up --build`.
Creating nl_pr2 ... 
Creating nl_pr3 ... 
Creating nl_genesis ... 
Creating nl_pr4     ... 
Creating nl_pr1     ... 
Host is already in use by another container
Creating nl_pr2     ... error

ERROR: for nl_pr2  Cannot start service nl_pr2: driver failed programming external connectivity on endpoint nl_pr2 (30ff6f8435e019f96e0ec07e958f37783558dcd19882ada4aa3b1327f8b75e7d): Error starting userland proxy: listen tcp4 0.0.0.0:47102: bind: address already in use
Creating nl_genesis ... done
Creating nl_genesis_exporter ... 
Creating nl_pr3              ... done
Creating nl_pr4              ... done
Creating nl_pr3_exporter     ... 
Creating nl_pr1              ... done
Creating nl_pr4_exporter     ... 
Creating nl_pr1_exporter     ... 
Creating nl_genesis_exporter ... done
Creating nl_pr1_exporter     ... done
Creating nl_pr4_exporter     ... done
Creating nl_pr3_exporter     ... done

ERROR: for nl_pr2  Cannot start service nl_pr2: driver failed programming external connectivity on endpoint nl_pr2 (30ff6f8435e019f96e0ec07e958f37783558dcd19882ada4aa3b1327f8b75e7d): Error starting userland proxy: listen tcp4 0.0.0.0:47102: bind: address already in use
Encountered errors while bringing up the project.

ERROR: Return code: 1
Traceback (most recent call last):
  File "/opt/hostedtoolcache/Python/3.8.18/x64/lib/python3.8/site-packages/nanomock/internal/utils.py", line 198, in subprocess_run_capture_output
    result = subprocess.run(cmd,
  File "/opt/hostedtoolcache/Python/3.8.18/x64/lib/python3.8/subprocess.py", line 516, in run
    raise CalledProcessError(retcode, process.args,
subprocess.CalledProcessError: Command 'docker-compose -f /home/runner/work/nano-node-builder/nano-node-builder/nano_nodes/docker-compose.yml -p nanomock up -d' returned non-zero exit status 1.

During handling of the above exception, another exception occurred:

Traceback (most recent call last):
  File "/opt/hostedtoolcache/Python/3.8.18/x64/bin/nanomock", line 8, in <module>
    sys.exit(main())
  File "/opt/hostedtoolcache/Python/3.8.18/x64/lib/python3.8/site-packages/nanomock/main.py", line 58, in main
    asyncio.run(main_async(args))
  File "/opt/hostedtoolcache/Python/3.8.18/x64/lib/python3.8/asyncio/runners.py", line 44, in run
    return loop.run_until_complete(main)
  File "/opt/hostedtoolcache/Python/3.8.18/x64/lib/python3.8/asyncio/base_events.py", line 616, in run_until_complete
    return future.result()
  File "/opt/hostedtoolcache/Python/3.8.18/x64/lib/python3.8/site-packages/nanomock/main.py", line 54, in main_async
    await manager.execute_command(args.command, args.nodes, args.payload)
  File "/opt/hostedtoolcache/Python/3.8.18/x64/lib/python3.8/site-packages/nanomock/nanomock_manager.py", line 504, in execute_command
    await command_func(**filtered_command_args)
  File "/opt/hostedtoolcache/Python/3.8.18/x64/lib/python3.8/site-packages/nanomock/internal/utils.py", line 57, in async_wrapper
    result = await func(*args, **kwargs)
  File "/opt/hostedtoolcache/Python/3.8.18/x64/lib/python3.8/site-packages/nanomock/nanomock_manager.py", line 433, in start_containers
    self.docker_interface.compose_start(nodes)
  File "/opt/hostedtoolcache/Python/3.8.18/x64/lib/python3.8/site-packages/nanomock/docker/mixin.py", line 56, in compose_start
    return self._run_command(cmd)
  File "/opt/hostedtoolcache/Python/3.8.18/x64/lib/python3.8/site-packages/nanomock/docker/mixin.py", line 33, in _run_command
    subprocess_run_capture_output(base_command)
  File "/opt/hostedtoolcache/Python/3.8.18/x64/lib/python3.8/site-packages/nanomock/internal/utils.py", line 209, in subprocess_run_capture_output
    raise subprocess.CalledProcessError(
subprocess.CalledProcessError: <exception str() failed>
.DEBUG 1 unconfirmed blocks! e.g. B12CE3D6CFD60EFE08ABBB450DA8C70CCDE4A36B92B9FAB1888F964793DD243B
.DEBUG 1 unconfirmed blocks! e.g. 87E27E19C46CFCB24C82DE434382E54D921368461D2BDCF3058EF2BAE06E9DC2
.DEBUG 1 unconfirmed blocks! e.g. A15C338A90FE45D514BF6E41CD590A3B0B1FDADF31623F1F325759D5056DFC9C
.DEBUG 1 unconfirmed blocks! e.g. 47FEBCE1D29C19C16ED3DDC9B7E481CBE88B9B5F76D827DCF453835FBC7A7759
.DEBUG 1 unconfirmed blocks! e.g. 636843B9BE57762C7555BE5562EF68290FB01F8C7862F05F155B5E0FFD845E4E
.DEBUG 1 unconfirmed blocks! e.g. 6BEF7EACC1178EA20BA9EA56E840860C28CCFE40A055F88CFB76E67EFD800B80
.DEBUG 1 unconfirmed blocks! e.g. 9BC9EC856DDED7363D2A3FD1643CFAE5795022C48234111E9E375F208497DF63
.DEBUG 1 unconfirmed blocks! e.g. DB29BFC7D4482CB5879D4E505285D3C15EFF65C4EEBC8BB3EB59B0FDD31194A0
.DEBUG 1 unconfirmed blocks! e.g. ABCEB2D41547DD487D1E35B590B979DF0F74363F94DC7CD19807D2F75DDB600B
.DEBUG 1 unconfirmed blocks! e.g. 86D464ABE32C086EA44675D658271C30E737A62063076A0597E8F264CE3BACE8
.DEBUG 1 unconfirmed blocks! e.g. 1DFF728F3F7227CF048567DD4912512302D46D995297BA0479EDCFBE8BE4C0A6
.DEBUG 1 unconfirmed blocks! e.g. BB816E0109C4325681919CDA18DA8B4310599C9096792F120437A3A118E81835
.DEBUG 1 unconfirmed blocks! e.g. 62ECAFE6362C91D049E4D4256AAF2B17D3829715C99315D32E11B4A575D6E388
.DEBUG 1 unconfirmed blocks! e.g. 91F182B8094545CE44C05FE0E0B098224132FF8A80A0BBB9EDCCD55A172CFD02
.DEBUG 1 unconfirmed blocks! e.g. FF1B9C3F8EC05EB7EA594D3C52B976E003B6ED5E28845150F13031C802492A62
.DEBUG 1 unconfirmed blocks! e.g. 1EDC12D4D4C022597190F98EB60E72A72CF25857882E42F0C8DC32FAD54690E4
.DEBUG 1 unconfirmed blocks! e.g. 474AA042004A18EF0E17167037AE131E4B89851D6A1CAAEAA4081609C5098F02
.DEBUG 1 unconfirmed blocks! e.g. 5C679B71DF9B08D95CAE4DACE019A711B97AFD829F9F4D62474078A6B37F3A11
.DEBUG 1 unconfirmed blocks! e.g. 5ECA8511BF87023483229EDCC3D3B0ABAE1E91F80A9CD50BF05115B56EAC9DBF
.DEBUG 1 unconfirmed blocks! e.g. 03AFF38FFC5900345E0284C40CE9AAE43633C0963539F92FE372286D50D3D5B1
.DEBUG 1 unconfirmed blocks! e.g. AB83802D5A39F62F0D711F7A7014E5F97F874309D18880239441942F1F6FB966
.DEBUG 1 unconfirmed blocks! e.g. B23092A5C7638BE6F5AE340477D92213BC084BB50B43C21C26702E7E72BF578F
.DEBUG 1 unconfirmed blocks! e.g. 2412027C2D72FF3088E7C06B5B4E1AD28613C2C1CA7E5C62C15F31A0CBDDC3D9
.DEBUG 1 unconfirmed blocks! e.g. A5F6C057A2D571189FBF5D337BA0BB70AECFD657608F986525481EE82DEDA800
.DEBUG 1 unconfirmed blocks! e.g. AE41D3E406ABA5A595878BB20925FDD45B4DCFCF9C2B7F1AEDF725BBF19D2EDD
.DEBUG 1 unconfirmed blocks! e.g. 0FFF45F4AF5A329251B0CAA5F5FA0BF163F0E3EC0CA887565BADAFB2458828D6
.DEBUG 1 unconfirmed blocks! e.g. 6B5F3E63D6A5DCFE8D69FA8AC1DC8211E06A243407E0CCCF6CD08DF516EFEB9C
.DEBUG 1 unconfirmed blocks! e.g. 1D17EC78131683A02641C372E955B71B17D279C82F0C6C193385AB937415FDCF
.DEBUG 1 unconfirmed blocks! e.g. AD859F5E297338A76730CB41F1AA7FFC63E7F7BF3700C460DC825E5CAA636D24
.DEBUG 1 unconfirmed blocks! e.g. E3657A7947F49B3AEC2E2896C4FA7CF5E3BCB0A73F103A563C5A32786C62A817
.DEBUG 1 unconfirmed blocks! e.g. DF776BC11ABA0D2A91771DC19581EEB53C400F7040E55EE6F31794A14E452C0F
.DEBUG 1 unconfirmed blocks! e.g. 4D7A9F4F287BF23C47A7824D01F63112841A277F2C3B870757CF7422D917989A
.DEBUG 1 unconfirmed blocks! e.g. A70674A35D138231434456F47CBD378116E8F85229D33D2B576235A53D82749E
.DEBUG 1 unconfirmed blocks! e.g. F0E89132B22EB1FE8B913E5928DE3DC1C91BFFC6DEE9C410F406FE8EB413B05F
.DEBUG 1 unconfirmed blocks! e.g. 4E89E6D9C47C5C41420168D93888B837A6BB9D962546020429475BF0E17CA44A
.DEBUG 1 unconfirmed blocks! e.g. 639209C8536D447E7DB4D97BAC1A2FE157FDBFAF317D51841E21C2420224F188
.DEBUG 1 unconfirmed blocks! e.g. 952A43D4748ADEE378C3EA3190E15CEACA7D6FD1F3B46692D5A2812ED68748E7
.DEBUG 1 unconfirmed blocks! e.g. AFFBE767FAC92F8FE5C2C237C0DCD786FEB57BF70DE6D4EF2C2C25E72C7BBA4A
.DEBUG 1 unconfirmed blocks! e.g. 6CB1E7528DAC166BD9F2D893E73C39EF825B2F960560840F429822CD747194F5
.DEBUG 1 unconfirmed blocks! e.g. 86EFBC1E545BE29BEA104BB7822A54795EF02182CF8E5C8140A47E34C6454846
.DEBUG 1 unconfirmed blocks! e.g. 68F193AC1AC3334019C7A598DFD79456998B8D10B03962CE9E2892A64ED61D25
.DEBUG 1 unconfirmed blocks! e.g. C0B706EADBBE8D778EA67610E6E15B9B10C258A82CD9B8C6160D585C71DD4C80
.DEBUG 1 unconfirmed blocks! e.g. AA1D5827B2E1E23626AF6976503FE3815918497F39FA4B359C7C3DA43E9AD032
.DEBUG 1 unconfirmed blocks! e.g. 53935F504FFCE054156D636EC40D37E1D6491699DB47F6DE78B4002F39CD0025
.DEBUG 1 unconfirmed blocks! e.g. 057DE1C0D5CC17F99BC50CE85F1AAAE9AF132D3B0B84C7B9EC3F25D12B35C08A
.DEBUG 1 unconfirmed blocks! e.g. 691A1ACFABD8DA1EF6A68BF31C4D6CE92CCEFE81C72B1471F33FD9EE4EA7171D
.DEBUG 1 unconfirmed blocks! e.g. BB4EB8ABA570F510FA04F20780ACAAD340C8ED784C088D9B84A371FC4CF020BA
.DEBUG 1 unconfirmed blocks! e.g. DB599C55E63286963EBC3B7BB2B0ABE8F3C0A5273D726E2B7B04516E54BDF4FD
.DEBUG 1 unconfirmed blocks! e.g. 1278D73264B2E48D01E30A907D9D700DAB5D4A785CB00CCFC9ACB0B9B7B62D47
.DEBUG 1 unconfirmed blocks! e.g. A17E7E2F4AB5153488BA9851DF25A9DF91EFD769CF94BDA718FD1D0B90B889B1
.DEBUG 1 unconfirmed blocks! e.g. 74D92AB2C8F43C59CE3EA7C54856AF56C3095F36DA3E115B4B15874FCB21D19B
.DEBUG 1 unconfirmed blocks! e.g. F165F097FBEE375693318D222B3F473123CD0F541986A5D75A8CC500342030C5
.DEBUG 1 unconfirmed blocks! e.g. 6ED135C741AFF643E10D65FC84131FECA36C45A7AC04308A0A9FD9192325106D
.DEBUG 1 unconfirmed blocks! e.g. 85847A0CFCD4FD11C28F167EEE8205BF7159DD6D7AC3C361A93CA8C1815B39ED
.DEBUG 1 unconfirmed blocks! e.g. 2A43E69E2FC7FBF67CB4F9867BCC16ADAEF32756C991BEDAB21604DB66562E63
.DEBUG 1 unconfirmed blocks! e.g. 00E7457B4399B4C1715C75305EC602E1ABC6E30DFF20E8587403E11E1E86A9EA
.DEBUG 1 unconfirmed blocks! e.g. 099B5DD94ADA7023C237B76A65CA3461E0F6BD145811754C3B59B9DC63BF2078
.DEBUG 1 unconfirmed blocks! e.g. 9A72D77898B1B6C1C4DB72090640A773952BC465E876FE15688A42155981CB37
.DEBUG 1 unconfirmed blocks! e.g. 05950B82FE4622F98F6E17BC7057D169BFD87AAC5FB591920B75E166F61594DE
.DEBUG 1 unconfirmed blocks! e.g. E8BB0D7DE007CED95010CC4081878F01045B31778EC1F9F030336BBEE25042F5
.DEBUG 1 unconfirmed blocks! e.g. 34FC9960614F62ACBC6F783086822399E4553FEC313EDC1480F9361F1832E876
.DEBUG 1 unconfirmed blocks! e.g. D9114B16F009FC3BDEC322FBB6A1965A567ADCB485DBB3D9158334D254E6561D
.DEBUG 1 unconfirmed blocks! e.g. 2C408624BDC0ACD699FD90225AF375E25E14DEAA699B8D68B424BD3578300F62
.DEBUG 1 unconfirmed blocks! e.g. B005326A2AE636649C9882C40E11816984AB71DC9B2D0A587EFD8A6F49C07765
.DEBUG 1 unconfirmed blocks! e.g. 66B664356E187DDAB1A6B26491DBB87E4C944922A6F0B2E9B6F18B01A3C2B440
.DEBUG 1 unconfirmed blocks! e.g. 44AC25193DD23B9167D4BD973BE77E950101C1B15D9159D0EDB95BD7282EC678
.DEBUG 1 unconfirmed blocks! e.g. 2E8DAE311B6D03236263E33206876DFEFA897E6ACE29BD80579BF5CF2B5D8F14
.DEBUG 1 unconfirmed blocks! e.g. B3B89C5274A8D4B7EE8822F7179378B7C7329F7E2FDC64E2839625C697ACC4E8
.DEBUG 1 unconfirmed blocks! e.g. 25B8B3272658E06158C4F8E815CC71CA269B9C32702C2ED0B509E0FB235BB9C7
.DEBUG 1 unconfirmed blocks! e.g. 3736CE09ED6BEBB821488523CD327C1557C586354436313F5A7C3B247773E8BC
.DEBUG 1 unconfirmed blocks! e.g. E6DCD0DB8D07B6F485B4130D98BA51C033A0753E7D58584316B5ED1A53688EEC
.DEBUG 1 unconfirmed blocks! e.g. 52035698DA26A825767A82018DC073BD24BA51F7D074010ED886F647BC530D44
.DEBUG 1 unconfirmed blocks! e.g. DE76E802D21FA2B3CB8CEF120390A0A53E7869618AF45B19E6D0F29658E7ECBE
.DEBUG 1 unconfirmed blocks! e.g. 089106CBEA8BF32CC20EA63C51C1D5B9FFFA0141C02D0F3B1E7B5C38DDCD7C5B
.DEBUG 1 unconfirmed blocks! e.g. 3C9F4D61567345BE1AA7A018500E00B8EBBA04024677F86BA988AFC59D943949
.DEBUG 1 unconfirmed blocks! e.g. 5DF0F6F2422EC627F134A109BD6619EB5CB2E8E226F85E3F5B3D8CEF14B4F175
.DEBUG 1 unconfirmed blocks! e.g. 8B2DD30F7D5EBC822889CB1DA7C7B89BBCF10889C8F8C7066535539D6B7D7AE0
.DEBUG 1 unconfirmed blocks! e.g. F144FB494F4CF01F7DA6A0AAAE3589EECAE1BD6642F20D94D6BADF61AA282B11
.DEBUG 1 unconfirmed blocks! e.g. 980A191E9FFE165832958406CCD4164D849E681199BC617C7FE1C14B933DE346
.DEBUG 1 unconfirmed blocks! e.g. 47ED9BFE0853954DD831140FA1ABA0494E5D3EBE54314C413AB42CE42498A5AB
.DEBUG 1 unconfirmed blocks! e.g. 9FA871E417AE323F86DB6BC4BF782CAD51247630F4A46685ED1D2BE4F6A362BA
.DEBUG 1 unconfirmed blocks! e.g. 0002C27879B660F31F8ED31F0D88DD9B06B8DBF1A24039474D429B971B45F33B
.DEBUG 1 unconfirmed blocks! e.g. 219364C14D150AFE630CF0209B2CDA5C5F7534322ACA82655CAE670246AB767B
.DEBUG 1 unconfirmed blocks! e.g. 7DA908529A065EEE8CC68464661F5A4FA57F4A3FC694FE0B38825B59A23D0EC2
.DEBUG 1 unconfirmed blocks! e.g. 5CE72307712FAC17121B2A923BEBB8913E39027B26528BE4CE353E3EDAB02448
.DEBUG 1 unconfirmed blocks! e.g. BCEA0D7039C519B6A682BFAD31FF13A76EB74F0BFAAD35BC702F6AD650697269
.DEBUG 1 unconfirmed blocks! e.g. 4FF70C2C4897858A4C8E8170AEB9DCE0924EB5DA832496C8BAF89DC8B6460232
.DEBUG 1 unconfirmed blocks! e.g. 9974ACF33B1714631270B16F2EBB1167295A8AFAF914A2DCDA629BBA2D094435
.DEBUG 1 unconfirmed blocks! e.g. 8CE90A5DCCCFE973A56C3D338D690EA3F8B50F6EF30DD55F0BCEF07F5D630BDE
.DEBUG 1 unconfirmed blocks! e.g. ACD087CEE2F849B52A1507C8CAD90B0EB22246801D21B0B27ABB9BA9D44C9298
.DEBUG 1 unconfirmed blocks! e.g. EADBCFEABD5A8DAE496475CC8BD0A50F2855B08BF5D8772BB1C9EEF2C5CFE47D
.DEBUG 1 unconfirmed blocks! e.g. 7C152E51AFDCC0C764E10D6F83CD32AEA64451BA59C78413A4302789D11F1877
.DEBUG 1 unconfirmed blocks! e.g. 1B183F43635554913E3E495CA9B12082344D96AFAF5D79CDD9179A2E627C8712
.DEBUG 1 unconfirmed blocks! e.g. 0A090CC2FFC97A93B8419C80B0A3B6175091E290604865267A5338BF3E114BE2
.DEBUG 1 unconfirmed blocks! e.g. CAB160AAC378569A987A71BDC02BC3146EE9EE26E08D17C345E605A50F7D2208
.DEBUG 1 unconfirmed blocks! e.g. 373968257A69C2E8DDEF78072081F966EFDE87A9E0217503AF97E2C4032F9370
.DEBUG 1 unconfirmed blocks! e.g. 2B9BADC2FD728E08CBF4FC175C76BD4D43DF1CB0EA0B6580027B1A18E808955F
.DEBUG 1 unconfirmed blocks! e.g. 12A282BF9020DC04B154A5C81B57ACA290866ADED1D647015E22E22C17E941DE
.DEBUG 1 unconfirmed blocks! e.g. 2EE036CDEC2C0CF72135A400857533D789CC60108A91230E4842B7FB7CDC514A
.Exception in thread Thread-1:
Traceback (most recent call last):
  File "/opt/hostedtoolcache/Python/3.8.18/x64/lib/python3.8/threading.py", line 932, in _bootstrap_inner
    self.run()
  File "/opt/hostedtoolcache/Python/3.8.18/x64/lib/python3.8/threading.py", line 870, in run
    self._target(*self._args, **self._kwargs)
  File "/opt/hostedtoolcache/Python/3.8.18/x64/lib/python3.8/site-packages/nanolab/command/mixins/threaded_command_mixin.py", line 26, in _execute_command_sequence
    self.command_instance.execute_another_command(command_config)
  File "/opt/hostedtoolcache/Python/3.8.18/x64/lib/python3.8/site-packages/nanolab/command/command.py", line 49, in execute_another_command
    another_command.execute()
  File "/opt/hostedtoolcache/Python/3.8.18/x64/lib/python3.8/site-packages/nanolab/command/command.py", line 41, in execute
    self.mixin.execute()
  File "/opt/hostedtoolcache/Python/3.8.18/x64/lib/python3.8/site-packages/nanolab/command/mixins/python_command_mixin.py", line 40, in execute
    method(**filtered_variables)
  File "/opt/hostedtoolcache/Python/3.8.18/x64/lib/python3.8/site-packages/nanolab/pycmd.py", line 35, in publish_create
    asyncio.run(test_case.run())
  File "/opt/hostedtoolcache/Python/3.8.18/x64/lib/python3.8/asyncio/runners.py", line 44, in run
    return loop.run_until_complete(main)
  File "/opt/hostedtoolcache/Python/3.8.18/x64/lib/python3.8/asyncio/base_events.py", line 616, in run_until_complete
    return future.result()
  File "/opt/hostedtoolcache/Python/3.8.18/x64/lib/python3.8/site-packages/nanolab/publisher/test_case.py", line 69, in run
    await self.stats_manager.initialize(self.node_name)
  File "/opt/hostedtoolcache/Python/3.8.18/x64/lib/python3.8/site-packages/nanolab/publisher/confirmation_stats.py", line 17, in initialize
    start_block_count = await self.nanorpc.block_count()
  File "/opt/hostedtoolcache/Python/3.8.18/x64/lib/python3.8/site-packages/nanorpc/client.py", line 50, in block_count
    return await self.rpc.block_count(include_cemented=include_cemented)
  File "/opt/hostedtoolcache/Python/3.8.18/x64/lib/python3.8/site-packages/nanorpc/client_dynamic.py", line 33, in method
    return await self.process_payloads([payload])
  File "/opt/hostedtoolcache/Python/3.8.18/x64/lib/python3.8/site-packages/nanorpc/client_dynamic.py", line 119, in process_payloads
    return await self._request_with_retry(self._request, payloads)
  File "/opt/hostedtoolcache/Python/3.8.18/x64/lib/python3.8/site-packages/nanorpc/client_dynamic.py", line 101, in _request_with_retry
    return await self._retry_on_exception(coroutine,
  File "/opt/hostedtoolcache/Python/3.8.18/x64/lib/python3.8/site-packages/nanorpc/client_dynamic.py", line 95, in _retry_on_exception
    raise MaxRetriesExceededError(
nanorpc.client_dynamic.MaxRetriesExceededError: All 1 retries exhausted for _request. Last error: Cannot connect to host 172.17.0.1:45102 ssl:default [Connect call failed ('172.17.0.1', 45102)]
DEBUG 1 unconfirmed blocks! e.g. C2E16700DF59323944918B5132470556752C99BB15FF46A024D076DD603A6E6E


17:34:05 confs    | timeouts | bps      | cps      | min_conf_s | max_conf_s | perc_50_s | perc_75_s | perc_90_s | perc_99_s | block_timeout_s | total_s  | new_blocks | new_cemented |
17:34:05 0        | 100      | 0.2      | 0.0      | -1         | -1         | -1        | -1        | -1        | -1        | 5               | 504.47   | 100        | 0            |
