f4ff734e086e56db43cc0350633e5b8b2118328d: Pulling from gr0v1ty/nano-node
3c645031de29: Already exists
fcbe0cc00bec: Pulling fs layer
746a1cfdff60: Pulling fs layer
a270e23aaaba: Pulling fs layer
742739263d7b: Pulling fs layer
3306df1ce1ee: Pulling fs layer
1c6a9eeb3d9b: Pulling fs layer
38392011194c: Pulling fs layer
4f4fb700ef54: Pulling fs layer
f670dd767aa1: Pulling fs layer
55a2954f8f10: Pulling fs layer
742739263d7b: Waiting
4f4fb700ef54: Waiting
f670dd767aa1: Waiting
3306df1ce1ee: Waiting
1c6a9eeb3d9b: Waiting
55a2954f8f10: Waiting
fcbe0cc00bec: Verifying Checksum
fcbe0cc00bec: Download complete
fcbe0cc00bec: Pull complete
a270e23aaaba: Verifying Checksum
a270e23aaaba: Download complete
3306df1ce1ee: Verifying Checksum
3306df1ce1ee: Download complete
1c6a9eeb3d9b: Verifying Checksum
1c6a9eeb3d9b: Download complete
742739263d7b: Download complete
38392011194c: Verifying Checksum
38392011194c: Download complete
4f4fb700ef54: Verifying Checksum
4f4fb700ef54: Download complete
f670dd767aa1: Verifying Checksum
f670dd767aa1: Download complete
55a2954f8f10: Verifying Checksum
55a2954f8f10: Download complete
746a1cfdff60: Verifying Checksum
746a1cfdff60: Download complete
746a1cfdff60: Pull complete
a270e23aaaba: Pull complete
742739263d7b: Pull complete
3306df1ce1ee: Pull complete
1c6a9eeb3d9b: Pull complete
38392011194c: Pull complete
4f4fb700ef54: Pull complete
f670dd767aa1: Pull complete
55a2954f8f10: Pull complete
Digest: sha256:5a68af6441865b736b34f7a6b27ce5f173e120f9e63dc5796b2ef766759dacc7
Status: Downloaded newer image for gr0v1ty/nano-node:f4ff734e086e56db43cc0350633e5b8b2118328d
docker.io/gr0v1ty/nano-node:f4ff734e086e56db43cc0350633e5b8b2118328d
https://api.github.com/repos/gr0vity-dev/nanolab-configs/contents/quick_testing/5n4pr_conf_change_independant.json
Start Fetching '5n4pr_conf_change_independant_config.json' to '/home/runner/work/nano-node-builder/nano-node-builder/testcases/5n4pr_conf_change_independant_config.json'
Done  Fetching '5n4pr_conf_change_independant_config.json' to '/home/runner/work/nano-node-builder/nano-node-builder/testcases/5n4pr_conf_change_independant_config.json'
Start Fetching '5n4pr_bucket0-1-88-90-100_10kaccs.ldb' to '/home/runner/work/nano-node-builder/nano-node-builder/testcases/downloads/5n4pr_bucket0-1-88-90-100_10kaccs.ldb'
Done  Fetching '5n4pr_bucket0-1-88-90-100_10kaccs.ldb' to '/home/runner/work/nano-node-builder/nano-node-builder/testcases/downloads/5n4pr_bucket0-1-88-90-100_10kaccs.ldb'
Start Fetching '5n4pr_quicktesting_config.toml' to '/home/runner/work/nano-node-builder/nano-node-builder/testcases/downloads/5n4pr_quicktesting_config.toml'
Done  Fetching '5n4pr_quicktesting_config.toml' to '/home/runner/work/nano-node-builder/nano-node-builder/testcases/downloads/5n4pr_quicktesting_config.toml'
Error executing command: nanomock create && nanomock reset
Error: INFO: nanomock data has been copied to your current working directory.
WARNING: No config-node.toml found. minimal version was created
WARNING: No config-rpc.toml found. minimal version was created
WARNING: No config-node.toml found. minimal version was created
WARNING: No config-rpc.toml found. minimal version was created
WARNING: No config-node.toml found. minimal version was created
WARNING: No config-rpc.toml found. minimal version was created
WARNING: No config-node.toml found. minimal version was created
WARNING: No config-rpc.toml found. minimal version was created
WARNING: No config-node.toml found. minimal version was created
WARNING: No config-rpc.toml found. minimal version was created
SUCCESS: Docker Compose file created at /home/runner/work/nano-node-builder/nano-node-builder/nano_nodes/docker-compose.yml
SUCCESS: nl_genesis_exporter added for node nl_genesis
nl_pr1_exporter added for node nl_pr1
nl_pr2_exporter added for node nl_pr2
nl_pr3_exporter added for node nl_pr3
nl_pr4_exporter added for node nl_pr4
SUCCESS: stop_containers completed with None result.
SUCCESS: reset_nodes_data completed with None result.
The network 'nl_nano-local' already exists.
Error executing command: nanomock create
Error: INFO: nanomock data has been copied to your current working directory.
WARNING: No config-node.toml found. minimal version was created
WARNING: No config-rpc.toml found. minimal version was created
WARNING: No config-node.toml found. minimal version was created
WARNING: No config-rpc.toml found. minimal version was created
WARNING: No config-node.toml found. minimal version was created
WARNING: No config-rpc.toml found. minimal version was created
WARNING: No config-node.toml found. minimal version was created
WARNING: No config-rpc.toml found. minimal version was created
WARNING: No config-node.toml found. minimal version was created
WARNING: No config-rpc.toml found. minimal version was created
SUCCESS: Docker Compose file created at /home/runner/work/nano-node-builder/nano-node-builder/nano_nodes/docker-compose.yml
SUCCESS: nl_genesis_exporter added for node nl_genesis
nl_pr1_exporter added for node nl_pr1
nl_pr2_exporter added for node nl_pr2
nl_pr3_exporter added for node nl_pr3
nl_pr4_exporter added for node nl_pr4
Error executing command: nanomock start && nanomock init_wallets
Error: ERROR: Command failed: docker-compose -f /home/runner/work/nano-node-builder/nano-node-builder/nano_nodes/docker-compose.yml -p nanomock up -d
ERROR: Error output: Creating volume "nanomock_nl_default_volume" with default driver
Building nl_genesis
#0 building with "default" instance using docker driver

#1 [internal] load build definition from custom_Dockerfile
#1 transferring dockerfile: 551B done
#1 DONE 0.0s

#2 [internal] load metadata for docker.io/gr0v1ty/nano-node:f4ff734e086e56db43cc0350633e5b8b2118328d
#2 DONE 0.0s

#3 [internal] load .dockerignore
#3 transferring context: 2B done
#3 DONE 0.0s

#4 [1/4] FROM docker.io/gr0v1ty/nano-node:f4ff734e086e56db43cc0350633e5b8b2118328d
#4 DONE 0.0s

#5 [2/4] RUN groupadd -g 1001 nanolocal
#5 DONE 0.7s

#6 [3/4] RUN if [ "1001" != "0" ] && [ "1001" != "1000" ];     then useradd -u 1001 -g nanolocal -s /bin/sh -m nanolocal ;     fi
#6 DONE 0.4s

#7 [4/4] RUN if [[ -z "FALSE" ]] ;     then echo TC_ENABLE not provided ;     else apt-get update && apt-get install iproute2 -y;     fi
#7 0.257 /bin/sh: 1: [[: not found
#7 1.858 Get:1 http://archive.ubuntu.com/ubuntu jammy InRelease [270 kB]
#7 1.858 Get:2 http://security.ubuntu.com/ubuntu jammy-security InRelease [110 kB]
#7 1.976 Get:3 http://archive.ubuntu.com/ubuntu jammy-updates InRelease [119 kB]
#7 2.023 Get:4 http://archive.ubuntu.com/ubuntu jammy-backports InRelease [109 kB]
#7 2.339 Get:5 http://security.ubuntu.com/ubuntu jammy-security/main amd64 Packages [1763 kB]
#7 2.427 Get:6 http://archive.ubuntu.com/ubuntu jammy/multiverse amd64 Packages [266 kB]
#7 2.538 Get:7 http://archive.ubuntu.com/ubuntu jammy/universe amd64 Packages [17.5 MB]
#7 2.687 Get:8 http://security.ubuntu.com/ubuntu jammy-security/universe amd64 Packages [1078 kB]
#7 2.745 Get:9 http://security.ubuntu.com/ubuntu jammy-security/restricted amd64 Packages [2273 kB]
#7 2.828 Get:10 http://security.ubuntu.com/ubuntu jammy-security/multiverse amd64 Packages [44.7 kB]
#7 3.033 Get:11 http://archive.ubuntu.com/ubuntu jammy/main amd64 Packages [1792 kB]
#7 3.044 Get:12 http://archive.ubuntu.com/ubuntu jammy/restricted amd64 Packages [164 kB]
#7 3.051 Get:13 http://archive.ubuntu.com/ubuntu jammy-updates/multiverse amd64 Packages [51.1 kB]
#7 3.052 Get:14 http://archive.ubuntu.com/ubuntu jammy-updates/main amd64 Packages [2069 kB]
#7 3.065 Get:15 http://archive.ubuntu.com/ubuntu jammy-updates/universe amd64 Packages [1371 kB]
#7 3.074 Get:16 http://archive.ubuntu.com/ubuntu jammy-updates/restricted amd64 Packages [2382 kB]
#7 3.089 Get:17 http://archive.ubuntu.com/ubuntu jammy-backports/universe amd64 Packages [33.3 kB]
#7 3.089 Get:18 http://archive.ubuntu.com/ubuntu jammy-backports/main amd64 Packages [81.0 kB]
#7 3.855 Fetched 31.4 MB in 2s (14.7 MB/s)
#7 3.855 Reading package lists...
#7 4.581 Reading package lists...
#7 5.235 Building dependency tree...
#7 5.369 Reading state information...
#7 5.478 The following additional packages will be installed:
#7 5.478   libatm1 libbpf0 libbsd0 libcap2-bin libelf1 libmd0 libmnl0 libpam-cap
#7 5.478   libxtables12
#7 5.479 Suggested packages:
#7 5.479   iproute2-doc
#7 5.502 The following NEW packages will be installed:
#7 5.502   iproute2 libatm1 libbpf0 libbsd0 libcap2-bin libelf1 libmd0 libmnl0
#7 5.503   libpam-cap libxtables12
#7 5.549 0 upgraded, 10 newly installed, 0 to remove and 3 not upgraded.
#7 5.549 Need to get 1430 kB of archives.
#7 5.549 After this operation, 4151 kB of additional disk space will be used.
#7 5.549 Get:1 http://archive.ubuntu.com/ubuntu jammy/main amd64 libelf1 amd64 0.186-1build1 [51.0 kB]
#7 5.602 Get:2 http://archive.ubuntu.com/ubuntu jammy-updates/main amd64 libbpf0 amd64 1:0.5.0-1ubuntu22.04.1 [140 kB]
#7 5.633 Get:3 http://archive.ubuntu.com/ubuntu jammy/main amd64 libmd0 amd64 1.0.4-1build1 [23.0 kB]
#7 5.636 Get:4 http://archive.ubuntu.com/ubuntu jammy/main amd64 libbsd0 amd64 0.11.5-1 [44.8 kB]
#7 5.639 Get:5 http://archive.ubuntu.com/ubuntu jammy/main amd64 libmnl0 amd64 1.0.4-3build2 [13.2 kB]
#7 5.641 Get:6 http://archive.ubuntu.com/ubuntu jammy-updates/main amd64 libxtables12 amd64 1.8.7-1ubuntu5.2 [31.3 kB]
#7 5.644 Get:7 http://archive.ubuntu.com/ubuntu jammy-updates/main amd64 libcap2-bin amd64 1:2.44-1ubuntu0.22.04.1 [26.0 kB]
#7 5.646 Get:8 http://archive.ubuntu.com/ubuntu jammy/main amd64 iproute2 amd64 5.15.0-1ubuntu2 [1070 kB]
#7 5.683 Get:9 http://archive.ubuntu.com/ubuntu jammy/main amd64 libatm1 amd64 1:2.5.1-4build2 [22.8 kB]
#7 5.683 Get:10 http://archive.ubuntu.com/ubuntu jammy-updates/main amd64 libpam-cap amd64 1:2.44-1ubuntu0.22.04.1 [7928 B]
#7 6.454 debconf: delaying package configuration, since apt-utils is not installed
#7 6.481 Fetched 1430 kB in 0s (8140 kB/s)
#7 6.644 Selecting previously unselected package libelf1:amd64.
#7 6.644 (Reading database ... 
(Reading database ... 5%
(Reading database ... 10%
(Reading database ... 15%
(Reading database ... 20%
(Reading database ... 25%
(Reading database ... 30%
(Reading database ... 35%
(Reading database ... 40%
(Reading database ... 45%
(Reading database ... 50%
(Reading database ... 55%
(Reading database ... 60%
(Reading database ... 65%
(Reading database ... 70%
(Reading database ... 75%
(Reading database ... 80%
(Reading database ... 85%
(Reading database ... 90%
(Reading database ... 95%
(Reading database ... 100%
(Reading database ... 4393 files and directories currently installed.)
#7 6.943 Preparing to unpack .../0-libelf1_0.186-1build1_amd64.deb ...
#7 6.945 Unpacking libelf1:amd64 (0.186-1build1) ...
#7 6.960 Selecting previously unselected package libbpf0:amd64.
#7 6.961 Preparing to unpack .../1-libbpf0_1%3a0.5.0-1ubuntu22.04.1_amd64.deb ...
#7 6.962 Unpacking libbpf0:amd64 (1:0.5.0-1ubuntu22.04.1) ...
#7 6.978 Selecting previously unselected package libmd0:amd64.
#7 6.979 Preparing to unpack .../2-libmd0_1.0.4-1build1_amd64.deb ...
#7 6.980 Unpacking libmd0:amd64 (1.0.4-1build1) ...
#7 6.994 Selecting previously unselected package libbsd0:amd64.
#7 6.995 Preparing to unpack .../3-libbsd0_0.11.5-1_amd64.deb ...
#7 6.996 Unpacking libbsd0:amd64 (0.11.5-1) ...
#7 7.010 Selecting previously unselected package libmnl0:amd64.
#7 7.011 Preparing to unpack .../4-libmnl0_1.0.4-3build2_amd64.deb ...
#7 7.012 Unpacking libmnl0:amd64 (1.0.4-3build2) ...
#7 7.026 Selecting previously unselected package libxtables12:amd64.
#7 7.027 Preparing to unpack .../5-libxtables12_1.8.7-1ubuntu5.2_amd64.deb ...
#7 7.028 Unpacking libxtables12:amd64 (1.8.7-1ubuntu5.2) ...
#7 7.041 Selecting previously unselected package libcap2-bin.
#7 7.041 Preparing to unpack .../6-libcap2-bin_1%3a2.44-1ubuntu0.22.04.1_amd64.deb ...
#7 7.042 Unpacking libcap2-bin (1:2.44-1ubuntu0.22.04.1) ...
#7 7.061 Selecting previously unselected package iproute2.
#7 7.061 Preparing to unpack .../7-iproute2_5.15.0-1ubuntu2_amd64.deb ...
#7 7.063 Unpacking iproute2 (5.15.0-1ubuntu2) ...
#7 7.102 Selecting previously unselected package libatm1:amd64.
#7 7.103 Preparing to unpack .../8-libatm1_1%3a2.5.1-4build2_amd64.deb ...
#7 7.104 Unpacking libatm1:amd64 (1:2.5.1-4build2) ...
#7 7.117 Selecting previously unselected package libpam-cap:amd64.
#7 7.118 Preparing to unpack .../9-libpam-cap_1%3a2.44-1ubuntu0.22.04.1_amd64.deb ...
#7 7.119 Unpacking libpam-cap:amd64 (1:2.44-1ubuntu0.22.04.1) ...
#7 7.137 Setting up libatm1:amd64 (1:2.5.1-4build2) ...
#7 7.139 Setting up libcap2-bin (1:2.44-1ubuntu0.22.04.1) ...
#7 7.142 Setting up libmnl0:amd64 (1.0.4-3build2) ...
#7 7.145 Setting up libxtables12:amd64 (1.8.7-1ubuntu5.2) ...
#7 7.148 Setting up libmd0:amd64 (1.0.4-1build1) ...
#7 7.150 Setting up libbsd0:amd64 (0.11.5-1) ...
#7 7.153 Setting up libelf1:amd64 (0.186-1build1) ...
#7 7.156 Setting up libpam-cap:amd64 (1:2.44-1ubuntu0.22.04.1) ...
#7 7.348 debconf: unable to initialize frontend: Dialog
#7 7.348 debconf: (TERM is not set, so the dialog frontend is not usable.)
#7 7.348 debconf: falling back to frontend: Readline
#7 7.352 debconf: unable to initialize frontend: Readline
#7 7.352 debconf: (Can't locate Term/ReadLine.pm in @INC (you may need to install the Term::ReadLine module) (@INC contains: /etc/perl /usr/local/lib/x86_64-linux-gnu/perl/5.34.0 /usr/local/share/perl/5.34.0 /usr/lib/x86_64-linux-gnu/perl5/5.34 /usr/share/perl5 /usr/lib/x86_64-linux-gnu/perl-base /usr/lib/x86_64-linux-gnu/perl/5.34 /usr/share/perl/5.34 /usr/local/lib/site_perl) at /usr/share/perl5/Debconf/FrontEnd/Readline.pm line 7.)
#7 7.352 debconf: falling back to frontend: Teletype
#7 7.446 Setting up libbpf0:amd64 (1:0.5.0-1ubuntu22.04.1) ...
#7 7.449 Setting up iproute2 (5.15.0-1ubuntu2) ...
#7 7.516 debconf: unable to initialize frontend: Dialog
#7 7.516 debconf: (TERM is not set, so the dialog frontend is not usable.)
#7 7.516 debconf: falling back to frontend: Readline
#7 7.516 debconf: unable to initialize frontend: Readline
#7 7.516 debconf: (Can't locate Term/ReadLine.pm in @INC (you may need to install the Term::ReadLine module) (@INC contains: /etc/perl /usr/local/lib/x86_64-linux-gnu/perl/5.34.0 /usr/local/share/perl/5.34.0 /usr/lib/x86_64-linux-gnu/perl5/5.34 /usr/share/perl5 /usr/lib/x86_64-linux-gnu/perl-base /usr/lib/x86_64-linux-gnu/perl/5.34 /usr/share/perl/5.34 /usr/local/lib/site_perl) at /usr/share/perl5/Debconf/FrontEnd/Readline.pm line 7.)
#7 7.516 debconf: falling back to frontend: Teletype
#7 7.572 Processing triggers for libc-bin (2.35-0ubuntu3.6) ...
#7 DONE 7.8s

#8 exporting to image
#8 exporting layers
#8 exporting layers 0.4s done
#8 writing image sha256:88fc43340ad51a98d9c1474553e4ee3fdeb38486b17c709140520a32600431fc done
#8 naming to docker.io/library/nanomock_nl_genesis done
#8 DONE 0.4s
Image for service nl_genesis was built because it did not already exist. To rebuild this image you must use `docker-compose build` or `docker-compose up --build`.
Building nl_pr1
#0 building with "default" instance using docker driver

#1 [internal] load build definition from custom_Dockerfile
#1 transferring dockerfile: 551B done
#1 DONE 0.0s

#2 [internal] load metadata for docker.io/gr0v1ty/nano-node:f4ff734e086e56db43cc0350633e5b8b2118328d
#2 DONE 0.0s

#3 [internal] load .dockerignore
#3 transferring context: 2B done
#3 DONE 0.0s

#4 [1/4] FROM docker.io/gr0v1ty/nano-node:f4ff734e086e56db43cc0350633e5b8b2118328d
#4 DONE 0.0s

#5 [2/4] RUN groupadd -g 1001 nanolocal
#5 CACHED

#6 [3/4] RUN if [ "1001" != "0" ] && [ "1001" != "1000" ];     then useradd -u 1001 -g nanolocal -s /bin/sh -m nanolocal ;     fi
#6 CACHED

#7 [4/4] RUN if [[ -z "FALSE" ]] ;     then echo TC_ENABLE not provided ;     else apt-get update && apt-get install iproute2 -y;     fi
#7 CACHED

#8 exporting to image
#8 exporting layers done
#8 writing image sha256:88fc43340ad51a98d9c1474553e4ee3fdeb38486b17c709140520a32600431fc done
#8 naming to docker.io/library/nanomock_nl_pr1 done
#8 DONE 0.0s
Image for service nl_pr1 was built because it did not already exist. To rebuild this image you must use `docker-compose build` or `docker-compose up --build`.
Building nl_pr2
#0 building with "default" instance using docker driver

#1 [internal] load build definition from custom_Dockerfile
#1 transferring dockerfile: 551B done
#1 DONE 0.0s

#2 [internal] load metadata for docker.io/gr0v1ty/nano-node:f4ff734e086e56db43cc0350633e5b8b2118328d
#2 DONE 0.0s

#3 [internal] load .dockerignore
#3 transferring context: 2B done
#3 DONE 0.0s

#4 [1/4] FROM docker.io/gr0v1ty/nano-node:f4ff734e086e56db43cc0350633e5b8b2118328d
#4 DONE 0.0s

#5 [2/4] RUN groupadd -g 1001 nanolocal
#5 CACHED

#6 [3/4] RUN if [ "1001" != "0" ] && [ "1001" != "1000" ];     then useradd -u 1001 -g nanolocal -s /bin/sh -m nanolocal ;     fi
#6 CACHED

#7 [4/4] RUN if [[ -z "FALSE" ]] ;     then echo TC_ENABLE not provided ;     else apt-get update && apt-get install iproute2 -y;     fi
#7 CACHED

#8 exporting to image
#8 exporting layers done
#8 writing image sha256:88fc43340ad51a98d9c1474553e4ee3fdeb38486b17c709140520a32600431fc done
#8 naming to docker.io/library/nanomock_nl_pr2 done
#8 DONE 0.0s
Image for service nl_pr2 was built because it did not already exist. To rebuild this image you must use `docker-compose build` or `docker-compose up --build`.
Building nl_pr3
#0 building with "default" instance using docker driver

#1 [internal] load build definition from custom_Dockerfile
#1 transferring dockerfile: 551B done
#1 DONE 0.0s

#2 [internal] load metadata for docker.io/gr0v1ty/nano-node:f4ff734e086e56db43cc0350633e5b8b2118328d
#2 DONE 0.0s

#3 [internal] load .dockerignore
#3 transferring context: 2B done
#3 DONE 0.0s

#4 [1/4] FROM docker.io/gr0v1ty/nano-node:f4ff734e086e56db43cc0350633e5b8b2118328d
#4 DONE 0.0s

#5 [2/4] RUN groupadd -g 1001 nanolocal
#5 CACHED

#6 [3/4] RUN if [ "1001" != "0" ] && [ "1001" != "1000" ];     then useradd -u 1001 -g nanolocal -s /bin/sh -m nanolocal ;     fi
#6 CACHED

#7 [4/4] RUN if [[ -z "FALSE" ]] ;     then echo TC_ENABLE not provided ;     else apt-get update && apt-get install iproute2 -y;     fi
#7 CACHED

#8 exporting to image
#8 exporting layers done
#8 writing image sha256:88fc43340ad51a98d9c1474553e4ee3fdeb38486b17c709140520a32600431fc done
#8 naming to docker.io/library/nanomock_nl_pr3 done
#8 DONE 0.0s
Image for service nl_pr3 was built because it did not already exist. To rebuild this image you must use `docker-compose build` or `docker-compose up --build`.
Building nl_pr4
#0 building with "default" instance using docker driver

#1 [internal] load build definition from custom_Dockerfile
#1 transferring dockerfile: 551B done
#1 DONE 0.0s

#2 [internal] load metadata for docker.io/gr0v1ty/nano-node:f4ff734e086e56db43cc0350633e5b8b2118328d
#2 DONE 0.0s

#3 [internal] load .dockerignore
#3 transferring context: 2B done
#3 DONE 0.0s

#4 [1/4] FROM docker.io/gr0v1ty/nano-node:f4ff734e086e56db43cc0350633e5b8b2118328d
#4 DONE 0.0s

#5 [2/4] RUN groupadd -g 1001 nanolocal
#5 CACHED

#6 [3/4] RUN if [ "1001" != "0" ] && [ "1001" != "1000" ];     then useradd -u 1001 -g nanolocal -s /bin/sh -m nanolocal ;     fi
#6 CACHED

#7 [4/4] RUN if [[ -z "FALSE" ]] ;     then echo TC_ENABLE not provided ;     else apt-get update && apt-get install iproute2 -y;     fi
#7 CACHED

#8 exporting to image
#8 exporting layers done
#8 writing image sha256:88fc43340ad51a98d9c1474553e4ee3fdeb38486b17c709140520a32600431fc done
#8 naming to docker.io/library/nanomock_nl_pr4 done
#8 DONE 0.0s
Image for service nl_pr4 was built because it did not already exist. To rebuild this image you must use `docker-compose build` or `docker-compose up --build`.
Building nl_genesis_exporter
#0 building with "default" instance using docker driver

#1 [internal] load build definition from Dockerfile
#1 transferring dockerfile: 435B done
#1 DONE 0.0s

#2 [auth] library/python:pull token for registry-1.docker.io
#2 DONE 0.0s

#3 [internal] load metadata for docker.io/library/python:3.7-alpine
#3 ERROR: unexpected status from HEAD request to https://registry-1.docker.io/v2/library/python/manifests/3.7-alpine: 503 Service Unavailable
------
 > [internal] load metadata for docker.io/library/python:3.7-alpine:
------
Dockerfile:1
--------------------
   1 | >>> FROM python:3.7-alpine
   2 |     
   3 |     WORKDIR /
--------------------
ERROR: failed to solve: python:3.7-alpine: failed to resolve source metadata for docker.io/library/python:3.7-alpine: unexpected status from HEAD request to https://registry-1.docker.io/v2/library/python/manifests/3.7-alpine: 503 Service Unavailable
Service 'nl_genesis_exporter' failed to build

ERROR: Return code: 1
Traceback (most recent call last):
  File "/opt/hostedtoolcache/Python/3.8.18/x64/lib/python3.8/site-packages/nanomock/internal/utils.py", line 198, in subprocess_run_capture_output
    result = subprocess.run(cmd,
  File "/opt/hostedtoolcache/Python/3.8.18/x64/lib/python3.8/subprocess.py", line 516, in run
    raise CalledProcessError(retcode, process.args,
subprocess.CalledProcessError: Command 'docker-compose -f /home/runner/work/nano-node-builder/nano-node-builder/nano_nodes/docker-compose.yml -p nanomock up -d' returned non-zero exit status 1.

During handling of the above exception, another exception occurred:

Traceback (most recent call last):
  File "/opt/hostedtoolcache/Python/3.8.18/x64/bin/nanomock", line 8, in <module>
    sys.exit(main())
  File "/opt/hostedtoolcache/Python/3.8.18/x64/lib/python3.8/site-packages/nanomock/main.py", line 58, in main
    asyncio.run(main_async(args))
  File "/opt/hostedtoolcache/Python/3.8.18/x64/lib/python3.8/asyncio/runners.py", line 44, in run
    return loop.run_until_complete(main)
  File "/opt/hostedtoolcache/Python/3.8.18/x64/lib/python3.8/asyncio/base_events.py", line 616, in run_until_complete
    return future.result()
  File "/opt/hostedtoolcache/Python/3.8.18/x64/lib/python3.8/site-packages/nanomock/main.py", line 54, in main_async
    await manager.execute_command(args.command, args.nodes, args.payload)
  File "/opt/hostedtoolcache/Python/3.8.18/x64/lib/python3.8/site-packages/nanomock/nanomock_manager.py", line 504, in execute_command
    await command_func(**filtered_command_args)
  File "/opt/hostedtoolcache/Python/3.8.18/x64/lib/python3.8/site-packages/nanomock/internal/utils.py", line 57, in async_wrapper
    result = await func(*args, **kwargs)
  File "/opt/hostedtoolcache/Python/3.8.18/x64/lib/python3.8/site-packages/nanomock/nanomock_manager.py", line 433, in start_containers
    self.docker_interface.compose_start(nodes)
  File "/opt/hostedtoolcache/Python/3.8.18/x64/lib/python3.8/site-packages/nanomock/docker/mixin.py", line 56, in compose_start
    return self._run_command(cmd)
  File "/opt/hostedtoolcache/Python/3.8.18/x64/lib/python3.8/site-packages/nanomock/docker/mixin.py", line 33, in _run_command
    subprocess_run_capture_output(base_command)
  File "/opt/hostedtoolcache/Python/3.8.18/x64/lib/python3.8/site-packages/nanomock/internal/utils.py", line 209, in subprocess_run_capture_output
    raise subprocess.CalledProcessError(
subprocess.CalledProcessError: <exception str() failed>Exception in thread Thread-1:
Traceback (most recent call last):
  File "/opt/hostedtoolcache/Python/3.8.18/x64/lib/python3.8/threading.py", line 932, in _bootstrap_inner
    self.run()
  File "/opt/hostedtoolcache/Python/3.8.18/x64/lib/python3.8/threading.py", line 870, in run
    self._target(*self._args, **self._kwargs)
  File "/opt/hostedtoolcache/Python/3.8.18/x64/lib/python3.8/site-packages/nanolab/command/mixins/threaded_command_mixin.py", line 26, in _execute_command_sequence
    self.command_instance.execute_another_command(command_config)
  File "/opt/hostedtoolcache/Python/3.8.18/x64/lib/python3.8/site-packages/nanolab/command/command.py", line 49, in execute_another_command
    another_command.execute()
  File "/opt/hostedtoolcache/Python/3.8.18/x64/lib/python3.8/site-packages/nanolab/command/command.py", line 41, in execute
    self.mixin.execute()
  File "/opt/hostedtoolcache/Python/3.8.18/x64/lib/python3.8/site-packages/nanolab/command/mixins/python_command_mixin.py", line 40, in execute
    method(**filtered_variables)
  File "/opt/hostedtoolcache/Python/3.8.18/x64/lib/python3.8/site-packages/nanolab/pycmd.py", line 35, in publish_create
    asyncio.run(test_case.run())
  File "/opt/hostedtoolcache/Python/3.8.18/x64/lib/python3.8/asyncio/runners.py", line 44, in run
    return loop.run_until_complete(main)
  File "/opt/hostedtoolcache/Python/3.8.18/x64/lib/python3.8/asyncio/base_events.py", line 616, in run_until_complete
    return future.result()
  File "/opt/hostedtoolcache/Python/3.8.18/x64/lib/python3.8/site-packages/nanolab/publisher/test_case.py", line 69, in run
    await self.stats_manager.initialize(self.node_name)
  File "/opt/hostedtoolcache/Python/3.8.18/x64/lib/python3.8/site-packages/nanolab/publisher/confirmation_stats.py", line 17, in initialize
    start_block_count = await self.nanorpc.block_count()
  File "/opt/hostedtoolcache/Python/3.8.18/x64/lib/python3.8/site-packages/nanorpc/client.py", line 50, in block_count
    return await self.rpc.block_count(include_cemented=include_cemented)
  File "/opt/hostedtoolcache/Python/3.8.18/x64/lib/python3.8/site-packages/nanorpc/client_dynamic.py", line 33, in method
    return await self.process_payloads([payload])
  File "/opt/hostedtoolcache/Python/3.8.18/x64/lib/python3.8/site-packages/nanorpc/client_dynamic.py", line 119, in process_payloads
    return await self._request_with_retry(self._request, payloads)
  File "/opt/hostedtoolcache/Python/3.8.18/x64/lib/python3.8/site-packages/nanorpc/client_dynamic.py", line 101, in _request_with_retry
    return await self._retry_on_exception(coroutine,
  File "/opt/hostedtoolcache/Python/3.8.18/x64/lib/python3.8/site-packages/nanorpc/client_dynamic.py", line 95, in _retry_on_exception
    raise MaxRetriesExceededError(
nanorpc.client_dynamic.MaxRetriesExceededError: All 1 retries exhausted for _request. Last error: Cannot connect to host 172.17.0.1:45101 ssl:default [Connect call failed ('172.17.0.1', 45101)]

